\BOOKMARK [1][-]{section.1}{\376\377\000I\000n\000t\000r\000o\000d\000u\000c\000t\000i\000o\000n}{}% 1
\BOOKMARK [2][-]{subsection.1.1}{\376\377\000B\000a\000c\000k\000g\000r\000o\000u\000n\000d\000\040\000\050\000C\000I\000M\000\051}{section.1}% 2
\BOOKMARK [1][-]{section.2}{\376\377\000M\000e\000t\000h\000o\000d\000s}{}% 3
\BOOKMARK [1][-]{section.3}{\376\377\000D\000a\000t\000a}{}% 4
\BOOKMARK [1][-]{section.4}{\376\377\000A\000n\000a\000l\000y\000s\000i\000s}{}% 5
\BOOKMARK [2][-]{subsection.4.1}{\376\377\000D\000u\000r\000a\000t\000i\000o\000n\000\040\000b\000y\000\040\000i\000s\000l\000a\000n\000d}{section.4}% 6
\BOOKMARK [2][-]{subsection.4.2}{\376\377\000I\000n\000t\000e\000n\000s\000i\000t\000y\000\040\000b\000y\000\040\000i\000s\000l\000a\000n\000d}{section.4}% 7
\BOOKMARK [2][-]{subsection.4.3}{\376\377\000V\000o\000i\000c\000i\000n\000g\000\040\000b\000y\000\040\000i\000s\000l\000a\000n\000d}{section.4}% 8
\BOOKMARK [2][-]{subsection.4.4}{\376\377\000w\000\040\000\176\000v\000\040\000d\000i\000s\000t\000r\000i\000b\000u\000t\000i\000o\000n\000\040\000b\000y\000\040\000i\000s\000l\000a\000n\000d}{section.4}% 9
\BOOKMARK [1][-]{section.5}{\376\377\000R\000e\000s\000u\000l\000t\000s}{}% 10
\BOOKMARK [2][-]{subsection.5.1}{\376\377\000D\000u\000r\000a\000t\000i\000o\000n}{section.5}% 11
\BOOKMARK [3][-]{subsubsection.5.1.1}{\376\377\000M\000o\000d\000e\000l\000\040\000f\000i\000t\000\040\000a\000n\000d\000\040\000a\000s\000s\000u\000m\000p\000t\000i\000o\000n\000s\000:}{subsection.5.1}% 12
\BOOKMARK [2][-]{subsection.5.2}{\376\377\000I\000n\000t\000e\000n\000s\000i\000t\000y}{section.5}% 13
\BOOKMARK [3][-]{subsubsection.5.2.1}{\376\377\000M\000o\000d\000e\000l\000\040\000f\000i\000t\000\040\000a\000n\000d\000\040\000a\000s\000s\000u\000m\000p\000t\000i\000o\000n\000s\000:}{subsection.5.2}% 14
\BOOKMARK [2][-]{subsection.5.3}{\376\377\000F\0000}{section.5}% 15
\BOOKMARK [3][-]{subsubsection.5.3.1}{\376\377\000M\000o\000d\000e\000l\000\040\000f\000i\000t\000\040\000a\000n\000d\000\040\000a\000s\000s\000u\000m\000p\000t\000i\000o\000n\000s\000:}{subsection.5.3}% 16
\BOOKMARK [2][-]{subsection.5.4}{\376\377\000F\0002}{section.5}% 17
\BOOKMARK [3][-]{subsubsection.5.4.1}{\376\377\000M\000o\000d\000e\000l\000\040\000f\000i\000t\000\040\000a\000n\000d\000\040\000a\000s\000s\000u\000m\000p\000t\000i\000o\000n\000s\000:}{subsection.5.4}% 18
\BOOKMARK [2][-]{subsection.5.5}{\376\377\000P\000-\000v\000a\000l\000u\000e\000s\000\040\000a\000n\000d\000\040\000f\000o\000r\000m\000a\000n\000t\000\040\000m\000o\000d\000e\000l\000s}{section.5}% 19
\BOOKMARK [1][-]{section.6}{\376\377\000C\000o\000n\000c\000l\000u\000s\000i\000o\000n}{}% 20
