This is pdfTeX, Version 3.141592653-2.6-1.40.27 (MiKTeX 25.4) (preloaded format=pdflatex 2025.11.10)  5 JAN 2026 09:46
entering extended mode
 restricted \write18 enabled.
 %&-line parsing enabled.
**./9_dec_revision.tex
(9_dec_revision.tex
LaTeX2e <2025-11-01>
L3 programming layer <2025-10-24>
(C:\Users\court\OneDrive\Desktop\MiKTeX_updated\tex/latex/base\article.cls
Document Class: article 2025/01/22 v1.4n Standard LaTeX document class
(C:\Users\court\OneDrive\Desktop\MiKTeX_updated\tex/latex/base\size11.clo
File: size11.clo 2025/01/22 v1.4n Standard LaTeX file (size option)
)
\c@part=\count275
\c@section=\count276
\c@subsection=\count277
\c@subsubsection=\count278
\c@paragraph=\count279
\c@subparagraph=\count280
\c@figure=\count281
\c@table=\count282
\abovecaptionskip=\skip49
\belowcaptionskip=\skip50
\bibindent=\dimen148
)
(C:\Users\court\OneDrive\Desktop\MiKTeX_updated\tex/latex/geometry\geometry.sty
Package: geometry 2020/01/02 v5.9 Page Geometry
(C:\Users\court\OneDrive\Desktop\MiKTeX_updated\tex/latex/graphics\keyval.sty
Package: keyval 2022/05/29 v1.15 key=value parser (DPC)
\KV@toks@=\toks17
)
(C:\Users\court\OneDrive\Desktop\MiKTeX_updated\tex/generic/iftex\ifvtex.sty
Package: ifvtex 2019/10/25 v1.7 ifvtex legacy package. Use iftex instead.

(C:\Users\court\OneDrive\Desktop\MiKTeX_updated\tex/generic/iftex\iftex.sty
Package: iftex 2024/12/12 v1.0g TeX engine tests
))
\Gm@cnth=\count283
\Gm@cntv=\count284
\c@Gm@tempcnt=\count285
\Gm@bindingoffset=\dimen149
\Gm@wd@mp=\dimen150
\Gm@odd@mp=\dimen151
\Gm@even@mp=\dimen152
\Gm@layoutwidth=\dimen153
\Gm@layoutheight=\dimen154
\Gm@layouthoffset=\dimen155
\Gm@layoutvoffset=\dimen156
\Gm@dimlist=\toks18

(C:\Users\court\OneDrive\Desktop\MiKTeX_updated\tex/latex/geometry\geometry.cfg
))
(C:\Users\court\OneDrive\Desktop\MiKTeX_updated\tex/latex/graphics\graphicx.sty
Package: graphicx 2024/12/31 v1.2e Enhanced LaTeX Graphics (DPC,SPQR)

(C:\Users\court\OneDrive\Desktop\MiKTeX_updated\tex/latex/graphics\graphics.sty
Package: graphics 2024/08/06 v1.4g Standard LaTeX Graphics (DPC,SPQR)
(C:\Users\court\OneDrive\Desktop\MiKTeX_updated\tex/latex/graphics\trig.sty
Package: trig 2023/12/02 v1.11 sin cos tan (DPC)
)
(C:\Users\court\OneDrive\Desktop\MiKTeX_updated\tex/latex/graphics-cfg\graphics
.cfg
File: graphics.cfg 2016/06/04 v1.11 sample graphics configuration
)
Package graphics Info: Driver file: pdftex.def on input line 106.

(C:\Users\court\OneDrive\Desktop\MiKTeX_updated\tex/latex/graphics-def\pdftex.d
ef
File: pdftex.def 2025/09/29 v1.2d Graphics/color driver for pdftex
))
\Gin@req@height=\dimen157
\Gin@req@width=\dimen158
)
(C:\Users\court\OneDrive\Desktop\MiKTeX_updated\tex/latex/multirow\multirow.sty
Package: multirow 2024/11/12 v2.9 Span multiple rows of a table
\multirow@colwidth=\skip51
\multirow@cntb=\count286
\multirow@dima=\skip52
\bigstrutjot=\dimen159
) (C:\Users\court\OneDrive\Desktop\MiKTeX_updated\tex/latex/amsmath\amsmath.sty
Package: amsmath 2025/07/09 v2.17z AMS math features
\@mathmargin=\skip53
For additional information on amsmath, use the `?' option.
(C:\Users\court\OneDrive\Desktop\MiKTeX_updated\tex/latex/amsmath\amstext.sty
Package: amstext 2024/11/17 v2.01 AMS text

(C:\Users\court\OneDrive\Desktop\MiKTeX_updated\tex/latex/amsmath\amsgen.sty
File: amsgen.sty 1999/11/30 v2.0 generic functions
\@emptytoks=\toks19
\ex@=\dimen160
))
(C:\Users\court\OneDrive\Desktop\MiKTeX_updated\tex/latex/amsmath\amsbsy.sty
Package: amsbsy 1999/11/29 v1.2d Bold Symbols
\pmbraise@=\dimen161
)
(C:\Users\court\OneDrive\Desktop\MiKTeX_updated\tex/latex/amsmath\amsopn.sty
Package: amsopn 2022/04/08 v2.04 operator names
)
\inf@bad=\count287
LaTeX Info: Redefining \frac on input line 233.
\uproot@=\count288
\leftroot@=\count289
LaTeX Info: Redefining \overline on input line 398.
LaTeX Info: Redefining \colon on input line 409.
\classnum@=\count290
\DOTSCASE@=\count291
LaTeX Info: Redefining \ldots on input line 495.
LaTeX Info: Redefining \dots on input line 498.
LaTeX Info: Redefining \cdots on input line 619.
\Mathstrutbox@=\box53
\strutbox@=\box54
LaTeX Info: Redefining \big on input line 721.
LaTeX Info: Redefining \Big on input line 722.
LaTeX Info: Redefining \bigg on input line 723.
LaTeX Info: Redefining \Bigg on input line 724.
\big@size=\dimen162
LaTeX Font Info:    Redeclaring font encoding OML on input line 742.
LaTeX Font Info:    Redeclaring font encoding OMS on input line 743.
\macc@depth=\count292
LaTeX Info: Redefining \bmod on input line 904.
LaTeX Info: Redefining \pmod on input line 909.
LaTeX Info: Redefining \smash on input line 939.
LaTeX Info: Redefining \relbar on input line 969.
LaTeX Info: Redefining \Relbar on input line 970.
\c@MaxMatrixCols=\count293
\dotsspace@=\muskip17
\c@parentequation=\count294
\dspbrk@lvl=\count295
\tag@help=\toks20
\row@=\count296
\column@=\count297
\maxfields@=\count298
\andhelp@=\toks21
\eqnshift@=\dimen163
\alignsep@=\dimen164
\tagshift@=\dimen165
\tagwidth@=\dimen166
\totwidth@=\dimen167
\lineht@=\dimen168
\@envbody=\toks22
\multlinegap=\skip54
\multlinetaggap=\skip55
\mathdisplay@stack=\toks23
LaTeX Info: Redefining \[ on input line 2950.
LaTeX Info: Redefining \] on input line 2951.
)
(C:\Users\court\OneDrive\Desktop\MiKTeX_updated\tex/latex/amsfonts\amssymb.sty
Package: amssymb 2013/01/14 v3.01 AMS font symbols

(C:\Users\court\OneDrive\Desktop\MiKTeX_updated\tex/latex/amsfonts\amsfonts.sty
Package: amsfonts 2013/01/14 v3.01 Basic AMSFonts support
\symAMSa=\mathgroup4
\symAMSb=\mathgroup5
LaTeX Font Info:    Redeclaring math symbol \hbar on input line 98.
LaTeX Font Info:    Overwriting math alphabet `\mathfrak' in version `bold'
(Font)                  U/euf/m/n --> U/euf/b/n on input line 106.
)) (C:\Users\court\OneDrive\Desktop\MiKTeX_updated\tex/latex/amscls\amsthm.sty
Package: amsthm 2020/05/29 v2.20.6
\thm@style=\toks24
\thm@bodyfont=\toks25
\thm@headfont=\toks26
\thm@notefont=\toks27
\thm@headpunct=\toks28
\thm@preskip=\skip56
\thm@postskip=\skip57
\thm@headsep=\skip58
\dth@everypar=\toks29
)
(C:\Users\court\OneDrive\Desktop\MiKTeX_updated\tex/latex/jknappen\mathrsfs.sty
Package: mathrsfs 1996/01/01 Math RSFS package v1.0 (jk)
\symrsfs=\mathgroup6
)
(C:\Users\court\OneDrive\Desktop\MiKTeX_updated\tex/latex/appendix\appendix.sty
Package: appendix 2020/02/08 v1.2c extra appendix facilities
\c@@pps=\count299
\c@@ppsavesec=\count300
\c@@ppsaveapp=\count301
) (C:\Users\court\OneDrive\Desktop\MiKTeX_updated\tex/latex/xcolor\xcolor.sty
Package: xcolor 2024/09/29 v3.02 LaTeX color extensions (UK)

(C:\Users\court\OneDrive\Desktop\MiKTeX_updated\tex/latex/graphics-cfg\color.cf
g
File: color.cfg 2016/01/02 v1.6 sample color configuration
)
Package xcolor Info: Driver file: pdftex.def on input line 274.

(C:\Users\court\OneDrive\Desktop\MiKTeX_updated\tex/latex/graphics\mathcolor.lt
x)
Package xcolor Info: Model `cmy' substituted by `cmy0' on input line 1349.
Package xcolor Info: Model `hsb' substituted by `rgb' on input line 1353.
Package xcolor Info: Model `RGB' extended on input line 1365.
Package xcolor Info: Model `HTML' substituted by `rgb' on input line 1367.
Package xcolor Info: Model `Hsb' substituted by `hsb' on input line 1368.
Package xcolor Info: Model `tHsb' substituted by `hsb' on input line 1369.
Package xcolor Info: Model `HSB' substituted by `hsb' on input line 1370.
Package xcolor Info: Model `Gray' substituted by `gray' on input line 1371.
Package xcolor Info: Model `wave' substituted by `hsb' on input line 1372.
)
(C:\Users\court\OneDrive\Desktop\MiKTeX_updated\tex/latex/fancyvrb\fancyvrb.sty
Package: fancyvrb 2025/07/28 4.6 verbatim text (tvz,hv)
\FV@CodeLineNo=\count302
\FV@InFile=\read2
\FV@TabBox=\box55
\c@FancyVerbLine=\count303
\FV@StepNumber=\count304
\FV@OutFile=\write3
) (C:\Users\court\OneDrive\Desktop\MiKTeX_updated\tex/latex/base\textcomp.sty
Package: textcomp 2024/04/24 v2.1b Standard LaTeX package
)
(C:\Users\court\OneDrive\Desktop\MiKTeX_updated\tex/latex/ncctools\manyfoot.sty
Package: manyfoot 2019/08/03 v1.11 Many Footnote Levels Package (NCC)

(C:\Users\court\OneDrive\Desktop\MiKTeX_updated\tex/latex/ncctools\nccfoots.sty
Package: nccfoots 2005/02/03 v1.2 NCC Footnotes Package (NCC)
)
\MFL@columnwidth=\dimen169
)
(C:\Users\court\OneDrive\Desktop\MiKTeX_updated\tex/latex/booktabs\booktabs.sty
Package: booktabs 2020/01/12 v1.61803398 Publication quality tables
\heavyrulewidth=\dimen170
\lightrulewidth=\dimen171
\cmidrulewidth=\dimen172
\belowrulesep=\dimen173
\belowbottomsep=\dimen174
\aboverulesep=\dimen175
\abovetopsep=\dimen176
\cmidrulesep=\dimen177
\cmidrulekern=\dimen178
\defaultaddspace=\dimen179
\@cmidla=\count305
\@cmidlb=\count306
\@aboverulesep=\dimen180
\@belowrulesep=\dimen181
\@thisruleclass=\count307
\@lastruleclass=\count308
\@thisrulewidth=\dimen182
)
(C:\Users\court\OneDrive\Desktop\MiKTeX_updated\tex/latex/algorithms\algorithm.
sty
Package: algorithm 2009/08/24 v0.1 Document Style `algorithm' - floating enviro
nment
 (C:\Users\court\OneDrive\Desktop\MiKTeX_updated\tex/latex/float\float.sty
Package: float 2001/11/08 v1.3d Float enhancements (AL)
\c@float@type=\count309
\float@exts=\toks30
\float@box=\box56
\@float@everytoks=\toks31
\@floatcapt=\box57
)
(C:\Users\court\OneDrive\Desktop\MiKTeX_updated\tex/latex/base\ifthen.sty
Package: ifthen 2024/03/16 v1.1e Standard LaTeX ifthen package (DPC)
)
\@float@every@algorithm=\toks32
\c@algorithm=\count310
)
(C:\Users\court\OneDrive\Desktop\MiKTeX_updated\tex/latex/algorithmicx\algorith
micx.sty
Package: algorithmicx 2005/04/27 v1.2 Algorithmicx

Document Style algorithmicx 1.2 - a greatly improved `algorithmic' style
\c@ALG@line=\count311
\c@ALG@rem=\count312
\c@ALG@nested=\count313
\ALG@tlm=\skip59
\ALG@thistlm=\skip60
\c@ALG@Lnr=\count314
\c@ALG@blocknr=\count315
\c@ALG@storecount=\count316
\c@ALG@tmpcounter=\count317
\ALG@tmplength=\skip61
)
(C:\Users\court\OneDrive\Desktop\MiKTeX_updated\tex/latex/algorithmicx\algpseud
ocode.sty
Package: algpseudocode 

Document Style - pseudocode environments for use with the `algorithmicx' style
)
(C:\Users\court\OneDrive\Desktop\MiKTeX_updated\tex/latex/listings\listings.sty
\lstset,
\lst@mode=\count318
 
new hook `InitVars',

new hook `EndGroup',

new hook `ExitVars',

new hook `ModeTrue',

new hook `EOL',
\lst@gtempboxa=\box58
\lst@token=\toks33
\lst@length=\count319

new hook `InitVarsBOL',
\lst@currlwidth=\dimen183
\lst@column=\count320
\lst@pos=\count321
\lst@lostspace=\dimen184
\lst@width=\dimen185
basewidth, 
new hook `FontAdjust',
fontadjust, 
new hook `PostOutput',

new hook `OutputBox',

new hook `InitBOL',
columns, flexiblecolumns,
\lst@newlines=\count322
 
new hook `OnNewLine',
emptylines, 
new hook `OnEmptyLine',
identifierstyle, 
new hook `EmptyStyle',

new hook `OutputOther',

new hook `Output',
tabsize, showtabs, tab, showspaces, keepspaces, 
new hook `Init',
formfeed, upquote, SelectCharTable, MoreSelectCharTable,

new hook `SetLanguage',
extendedchars, useoutput, rescanchars, alsoletter, alsodigit, alsoother,

new hook `SelectCharTable',
excludedelims, delim, moredelim, deletedelim, literate, basicstyle,
inputencoding, multicols, 
new hook `EveryLine',
\lst@lineno=\count323
print, firstline, lastline, 
new hook `PreSet',
nolol, linerange, consecutivenumbers, rangeprefix, rangesuffix,
rangebeginprefix, rangebeginsuffix, rangeendprefix, rangeendsuffix,
includerangemarker, 
new hook `DeInit',
captionpos, abovecaptionskip, belowcaptionskip, label, title, caption,

new hook `TextStyle',
\lstlistingname, \lstlistingnamestyle, numberbychapter, boxpos, float,
floatplacement, aboveskip, belowskip, everydisplay, 
new hook `DisplayStyle',

new hook `PreInit',

new hook `EveryPar',
showlines,
\lst@maxwidth=\dimen186
 
new hook `InitVarsEOL',
gobble, name, \lstlistlistingname, \lstlistoflistings, inputpath,
\lstnewenvironment, fancyvrb,
(C:\Users\court\OneDrive\Desktop\MiKTeX_updated\tex/latex/listings\lstpatch.sty
File: lstpatch.sty 2025/10/06 1.11 (Carsten Heinz)
)
(C:\Users\court\OneDrive\Desktop\MiKTeX_updated\tex/latex/listings\lstmisc.sty
File: lstmisc.sty 2025/10/06 1.11 (Carsten Heinz)


Define lst-aspect `strings': string, morestring, deletestring, stringstyle,
showstringspaces, 
new hook `ExcludeDelims',

Allocs: none

Define lst-aspect `comments': comment, morecomment, deletecomment,
commentstyle, 
new hook `AfterBeginComment',

Allocs: none

Define lst-aspect `escape': texcl, escapebegin, escapeend, escapechar,
escapeinside, mathescape, 
Allocs: none

Define lst-aspect `keywords': sensitive, 
new hook `TrackKeywords',

new hook `PostTrackKeywords',

new hook `DetectKeywords',
classoffset, keywords, morekeywords, deletekeywords, keywordstyle,
keywordstyle, ndkeywords, morendkeywords, deletendkeywords, ndkeywordstyle,
keywordsprefix, otherkeywords, 
Allocs: none

Define lst-aspect `emph': emph, moreemph, deleteemph, emphstyle, 
Allocs: none

Define lst-aspect `index': index, moreindex, deleteindex, indexstyle,
\lstindexmacro, 
Allocs: none

Define lst-aspect `style': \lststylefiles, \lstdefinestyle, \lst@definestyle,
style, 
new hook `SetStyle',

Allocs: none

Define lst-aspect `language': \lstlanguagefiles, \lstdefinelanguage,
\lst@definelanguage, language, alsolanguage, \lstalias, defaultdialect,

Allocs: none

Define lst-aspect `labels': numbers, stepnumber, numberfirstline, numberstyle,
numbersep, numberblanklines, firstnumber,
\c@lstnumber=\count324
\lst@skipnumbers=\count325
 
Allocs: 2\count, 

Define lst-aspect `lineshape': xleftmargin, xrightmargin, resetmargins,

new hook `BoxUnsafe',
linewidth, lineskip, breaklines, breakindent, breakautoindent,
breakatwhitespace, prebreak, postbreak, 
Allocs: none

Define lst-aspect `frames': framexleftmargin, framexrightmargin,
framextopmargin, framexbottommargin, backgroundcolor, fillcolor, rulecolor,
rulesepcolor, rulesep, framerule, framesep, frameshape, frameround, frame,
\lst@framebox=\box59


Allocs: 1\box, 
) 
Allocs: 8\count, 4\dimen, 2\box, 1\toks, 

(C:\Users\court\OneDrive\Desktop\MiKTeX_updated\tex/latex/listings\listings.cfg
File: listings.cfg 2025/10/06 1.11 listings configuration
))
Package: listings 2025/10/06 1.11 (Carsten Heinz)

==> First Aid for listings.sty no longer applied!
    Expected:
        2024/09/23 1.10c (Carsten Heinz)
    but found:
        2025/10/06 1.11 (Carsten Heinz)
    so I'm assuming it got fixed.
(C:\Users\court\OneDrive\Desktop\MiKTeX_updated\tex/latex/framed\framed.sty
Package: framed 2011/10/22 v 0.96: framed or shaded text with page breaks
\OuterFrameSep=\skip62
\fb@frw=\dimen187
\fb@frh=\dimen188
\FrameRule=\dimen189
\FrameSep=\dimen190
)
(C:\Users\court\OneDrive\Desktop\MiKTeX_updated\tex/latex/tipa\tipa.sty
Package: tipa 2002/08/08 TIPA version 1.1

(C:\Users\court\OneDrive\Desktop\MiKTeX_updated\tex/latex/base\fontenc.sty
Package: fontenc 2025/07/18 v2.1d Standard LaTeX package

(C:\Users\court\OneDrive\Desktop\MiKTeX_updated\tex/latex/tipa\t3enc.def
File: t3enc.def 2001/12/31 T3 encoding
Now handling font encoding T3 ...
... no UTF-8 mapping file for font encoding T3
))
LaTeX Encoding Info:    Redeclaring text command \textdotbreve (encoding ?) on 
input line 336.
)
(C:\Users\court\OneDrive\Desktop\MiKTeX_updated\tex/latex/fge\fge.sty
Package: fge 2015/05/19 1.25 fge symbol support package
\symfgerm=\mathgroup7
\symfgeit=\mathgroup8
)
(C:\Users\court\OneDrive\Desktop\MiKTeX_updated\tex/latex/tipa\tipx.sty
Package: tipx 2003/01/01 TIPX version 1.2
)
(C:\Users\court\OneDrive\Desktop\MiKTeX_updated\tex/latex/tools\multicol.sty
Package: multicol 2025/10/21 v2.0b multicolumn formatting (FMi)
\c@tracingmulticols=\count326
\mult@box=\box60
\multicol@leftmargin=\dimen191
\c@unbalance=\count327
\c@collectmore=\count328
\doublecol@number=\count329
\multicoltolerance=\count330
\multicolpretolerance=\count331
\full@width=\dimen192
\page@free=\dimen193
\premulticols=\dimen194
\postmulticols=\dimen195
\multicolsep=\skip63
\multicolbaselineskip=\skip64
\partial@page=\box61
\last@line=\box62
\mc@boxedresult=\box63
\maxbalancingoverflow=\dimen196
\mult@rightbox=\box64
\mult@grightbox=\box65
\mult@firstbox=\box66
\mult@gfirstbox=\box67
\@tempa=\box68
\@tempa=\box69
\@tempa=\box70
\@tempa=\box71
\@tempa=\box72
\@tempa=\box73
\@tempa=\box74
\@tempa=\box75
\@tempa=\box76
\@tempa=\box77
\@tempa=\box78
\@tempa=\box79
\@tempa=\box80
\@tempa=\box81
\@tempa=\box82
\@tempa=\box83
\@tempa=\box84
\@tempa=\box85
\@tempa=\box86
\@tempa=\box87
\@tempa=\box88
\@tempa=\box89
\@tempa=\box90
\@tempa=\box91
\@tempa=\box92
\@tempa=\box93
\@tempa=\box94
\@tempa=\box95
\@tempa=\box96
\@tempa=\box97
\@tempa=\box98
\@tempa=\box99
\@tempa=\box100
\@tempa=\box101
\@tempa=\box102
\@tempa=\box103
\c@minrows=\count332
\c@columnbadness=\count333
\c@finalcolumnbadness=\count334
\last@try=\dimen197
\multicolovershoot=\dimen198
\multicolundershoot=\dimen199
\mult@nat@firstbox=\box104
\colbreak@box=\box105
\mc@col@check@num=\count335
\g__mc_curr_col_int=\count336
)
(C:\Users\court\OneDrive\Desktop\MiKTeX_updated\tex/generic/soul\soul.sty
Package: soul 2023-06-14 v3.1 Permit use of UTF-8 characters in soul (HO)

(C:\Users\court\OneDrive\Desktop\MiKTeX_updated\tex/generic/soul\soul-ori.sty
Package: soul-ori 2023-06-14 v3.1 letterspacing/underlining (mf)
\SOUL@word=\toks34
\SOUL@lasttoken=\toks35
\SOUL@syllable=\toks36
\SOUL@cmds=\toks37
\SOUL@buffer=\toks38
\SOUL@token=\toks39
\SOUL@syllgoal=\dimen256
\SOUL@syllwidth=\dimen257
\SOUL@charkern=\dimen258
\SOUL@hyphkern=\dimen259
\SOUL@dimen=\dimen260
\SOUL@dimeni=\dimen261
\SOUL@minus=\count337
\SOUL@comma=\count338
\SOUL@apo=\count339
\SOUL@grave=\count340
\SOUL@spaceskip=\skip65
\SOUL@ttwidth=\dimen262
\SOUL@uldp=\dimen263
\SOUL@ulht=\dimen264
)
(C:\Users\court\OneDrive\Desktop\MiKTeX_updated\tex/generic/infwarerr\infwarerr
.sty
Package: infwarerr 2019/12/03 v1.5 Providing info/warning/error messages (HO)
)
(C:\Users\court\OneDrive\Desktop\MiKTeX_updated\tex/generic/etexcmds\etexcmds.s
ty
Package: etexcmds 2019/12/15 v1.7 Avoid name clashes with e-TeX commands (HO)
))
(C:\Users\court\OneDrive\Desktop\MiKTeX_updated\tex/latex/pgf/frontendlayer\tik
z.sty
(C:\Users\court\OneDrive\Desktop\MiKTeX_updated\tex/latex/pgf/basiclayer\pgf.st
y
(C:\Users\court\OneDrive\Desktop\MiKTeX_updated\tex/latex/pgf/utilities\pgfrcs.
sty
(C:\Users\court\OneDrive\Desktop\MiKTeX_updated\tex/generic/pgf/utilities\pgfut
il-common.tex
\pgfutil@everybye=\toks40
\pgfutil@tempdima=\dimen265
\pgfutil@tempdimb=\dimen266
)
(C:\Users\court\OneDrive\Desktop\MiKTeX_updated\tex/generic/pgf/utilities\pgfut
il-latex.def
\pgfutil@abb=\box106
)
(C:\Users\court\OneDrive\Desktop\MiKTeX_updated\tex/generic/pgf/utilities\pgfrc
s.code.tex
(C:\Users\court\OneDrive\Desktop\MiKTeX_updated\tex/generic/pgf\pgf.revision.te
x)
Package: pgfrcs 2025-08-29 v3.1.11a (3.1.11a)
))
Package: pgf 2025-08-29 v3.1.11a (3.1.11a)

(C:\Users\court\OneDrive\Desktop\MiKTeX_updated\tex/latex/pgf/basiclayer\pgfcor
e.sty
(C:\Users\court\OneDrive\Desktop\MiKTeX_updated\tex/latex/pgf/systemlayer\pgfsy
s.sty
(C:\Users\court\OneDrive\Desktop\MiKTeX_updated\tex/generic/pgf/systemlayer\pgf
sys.code.tex
Package: pgfsys 2025-08-29 v3.1.11a (3.1.11a)

(C:\Users\court\OneDrive\Desktop\MiKTeX_updated\tex/generic/pgf/utilities\pgfke
ys.code.tex
\pgfkeys@pathtoks=\toks41
\pgfkeys@temptoks=\toks42

(C:\Users\court\OneDrive\Desktop\MiKTeX_updated\tex/generic/pgf/utilities\pgfke
yslibraryfiltered.code.tex
\pgfkeys@tmptoks=\toks43
))
\pgf@x=\dimen267
\pgf@y=\dimen268
\pgf@xa=\dimen269
\pgf@ya=\dimen270
\pgf@xb=\dimen271
\pgf@yb=\dimen272
\pgf@xc=\dimen273
\pgf@yc=\dimen274
\pgf@xd=\dimen275
\pgf@yd=\dimen276
\w@pgf@writea=\write4
\r@pgf@reada=\read3
\c@pgf@counta=\count341
\c@pgf@countb=\count342
\c@pgf@countc=\count343
\c@pgf@countd=\count344
\t@pgf@toka=\toks44
\t@pgf@tokb=\toks45
\t@pgf@tokc=\toks46
\pgf@sys@id@count=\count345

(C:\Users\court\OneDrive\Desktop\MiKTeX_updated\tex/generic/pgf/systemlayer\pgf
.cfg
File: pgf.cfg 2025-08-29 v3.1.11a (3.1.11a)
)
Driver file for pgf: pgfsys-pdftex.def

(C:\Users\court\OneDrive\Desktop\MiKTeX_updated\tex/generic/pgf/systemlayer\pgf
sys-pdftex.def
File: pgfsys-pdftex.def 2025-08-29 v3.1.11a (3.1.11a)

(C:\Users\court\OneDrive\Desktop\MiKTeX_updated\tex/generic/pgf/systemlayer\pgf
sys-common-pdf.def
File: pgfsys-common-pdf.def 2025-08-29 v3.1.11a (3.1.11a)
)))
(C:\Users\court\OneDrive\Desktop\MiKTeX_updated\tex/generic/pgf/systemlayer\pgf
syssoftpath.code.tex
File: pgfsyssoftpath.code.tex 2025-08-29 v3.1.11a (3.1.11a)
\pgfsyssoftpath@smallbuffer@items=\count346
\pgfsyssoftpath@bigbuffer@items=\count347
)
(C:\Users\court\OneDrive\Desktop\MiKTeX_updated\tex/generic/pgf/systemlayer\pgf
sysprotocol.code.tex
File: pgfsysprotocol.code.tex 2025-08-29 v3.1.11a (3.1.11a)
))
(C:\Users\court\OneDrive\Desktop\MiKTeX_updated\tex/generic/pgf/basiclayer\pgfc
ore.code.tex
Package: pgfcore 2025-08-29 v3.1.11a (3.1.11a)

(C:\Users\court\OneDrive\Desktop\MiKTeX_updated\tex/generic/pgf/math\pgfmath.co
de.tex
(C:\Users\court\OneDrive\Desktop\MiKTeX_updated\tex/generic/pgf/math\pgfmathuti
l.code.tex)
(C:\Users\court\OneDrive\Desktop\MiKTeX_updated\tex/generic/pgf/math\pgfmathpar
ser.code.tex
\pgfmath@dimen=\dimen277
\pgfmath@count=\count348
\pgfmath@box=\box107
\pgfmath@toks=\toks47
\pgfmath@stack@operand=\toks48
\pgfmath@stack@operation=\toks49
)
(C:\Users\court\OneDrive\Desktop\MiKTeX_updated\tex/generic/pgf/math\pgfmathfun
ctions.code.tex)
(C:\Users\court\OneDrive\Desktop\MiKTeX_updated\tex/generic/pgf/math\pgfmathfun
ctions.basic.code.tex)
(C:\Users\court\OneDrive\Desktop\MiKTeX_updated\tex/generic/pgf/math\pgfmathfun
ctions.trigonometric.code.tex)
(C:\Users\court\OneDrive\Desktop\MiKTeX_updated\tex/generic/pgf/math\pgfmathfun
ctions.random.code.tex)
(C:\Users\court\OneDrive\Desktop\MiKTeX_updated\tex/generic/pgf/math\pgfmathfun
ctions.comparison.code.tex)
(C:\Users\court\OneDrive\Desktop\MiKTeX_updated\tex/generic/pgf/math\pgfmathfun
ctions.base.code.tex)
(C:\Users\court\OneDrive\Desktop\MiKTeX_updated\tex/generic/pgf/math\pgfmathfun
ctions.round.code.tex)
(C:\Users\court\OneDrive\Desktop\MiKTeX_updated\tex/generic/pgf/math\pgfmathfun
ctions.misc.code.tex)
(C:\Users\court\OneDrive\Desktop\MiKTeX_updated\tex/generic/pgf/math\pgfmathfun
ctions.integerarithmetics.code.tex)
(C:\Users\court\OneDrive\Desktop\MiKTeX_updated\tex/generic/pgf/math\pgfmathcal
c.code.tex)
(C:\Users\court\OneDrive\Desktop\MiKTeX_updated\tex/generic/pgf/math\pgfmathflo
at.code.tex
\c@pgfmathroundto@lastzeros=\count349
))
(C:\Users\court\OneDrive\Desktop\MiKTeX_updated\tex/generic/pgf/math\pgfint.cod
e.tex)
(C:\Users\court\OneDrive\Desktop\MiKTeX_updated\tex/generic/pgf/basiclayer\pgfc
orepoints.code.tex
File: pgfcorepoints.code.tex 2025-08-29 v3.1.11a (3.1.11a)
\pgf@picminx=\dimen278
\pgf@picmaxx=\dimen279
\pgf@picminy=\dimen280
\pgf@picmaxy=\dimen281
\pgf@pathminx=\dimen282
\pgf@pathmaxx=\dimen283
\pgf@pathminy=\dimen284
\pgf@pathmaxy=\dimen285
\pgf@xx=\dimen286
\pgf@xy=\dimen287
\pgf@yx=\dimen288
\pgf@yy=\dimen289
\pgf@zx=\dimen290
\pgf@zy=\dimen291
)
(C:\Users\court\OneDrive\Desktop\MiKTeX_updated\tex/generic/pgf/basiclayer\pgfc
orepathconstruct.code.tex
File: pgfcorepathconstruct.code.tex 2025-08-29 v3.1.11a (3.1.11a)
\pgf@path@lastx=\dimen292
\pgf@path@lasty=\dimen293
)
(C:\Users\court\OneDrive\Desktop\MiKTeX_updated\tex/generic/pgf/basiclayer\pgfc
orepathusage.code.tex
File: pgfcorepathusage.code.tex 2025-08-29 v3.1.11a (3.1.11a)
\pgf@shorten@end@additional=\dimen294
\pgf@shorten@start@additional=\dimen295
)
(C:\Users\court\OneDrive\Desktop\MiKTeX_updated\tex/generic/pgf/basiclayer\pgfc
orescopes.code.tex
File: pgfcorescopes.code.tex 2025-08-29 v3.1.11a (3.1.11a)
\pgfpic=\box108
\pgf@hbox=\box109
\pgf@layerbox@main=\box110
\pgf@picture@serial@count=\count350
)
(C:\Users\court\OneDrive\Desktop\MiKTeX_updated\tex/generic/pgf/basiclayer\pgfc
oregraphicstate.code.tex
File: pgfcoregraphicstate.code.tex 2025-08-29 v3.1.11a (3.1.11a)
\pgflinewidth=\dimen296
)
(C:\Users\court\OneDrive\Desktop\MiKTeX_updated\tex/generic/pgf/basiclayer\pgfc
oretransformations.code.tex
File: pgfcoretransformations.code.tex 2025-08-29 v3.1.11a (3.1.11a)
\pgf@pt@x=\dimen297
\pgf@pt@y=\dimen298
\pgf@pt@temp=\dimen299
)
(C:\Users\court\OneDrive\Desktop\MiKTeX_updated\tex/generic/pgf/basiclayer\pgfc
orequick.code.tex
File: pgfcorequick.code.tex 2025-08-29 v3.1.11a (3.1.11a)
)
(C:\Users\court\OneDrive\Desktop\MiKTeX_updated\tex/generic/pgf/basiclayer\pgfc
oreobjects.code.tex
File: pgfcoreobjects.code.tex 2025-08-29 v3.1.11a (3.1.11a)
)
(C:\Users\court\OneDrive\Desktop\MiKTeX_updated\tex/generic/pgf/basiclayer\pgfc
orepathprocessing.code.tex
File: pgfcorepathprocessing.code.tex 2025-08-29 v3.1.11a (3.1.11a)
)
(C:\Users\court\OneDrive\Desktop\MiKTeX_updated\tex/generic/pgf/basiclayer\pgfc
orearrows.code.tex
File: pgfcorearrows.code.tex 2025-08-29 v3.1.11a (3.1.11a)
\pgfarrowsep=\dimen300
)
(C:\Users\court\OneDrive\Desktop\MiKTeX_updated\tex/generic/pgf/basiclayer\pgfc
oreshade.code.tex
File: pgfcoreshade.code.tex 2025-08-29 v3.1.11a (3.1.11a)
\pgf@max=\dimen301
\pgf@sys@shading@range@num=\count351
\pgf@shadingcount=\count352
)
(C:\Users\court\OneDrive\Desktop\MiKTeX_updated\tex/generic/pgf/basiclayer\pgfc
oreimage.code.tex
File: pgfcoreimage.code.tex 2025-08-29 v3.1.11a (3.1.11a)
)
(C:\Users\court\OneDrive\Desktop\MiKTeX_updated\tex/generic/pgf/basiclayer\pgfc
oreexternal.code.tex
File: pgfcoreexternal.code.tex 2025-08-29 v3.1.11a (3.1.11a)
\pgfexternal@startupbox=\box111
)
(C:\Users\court\OneDrive\Desktop\MiKTeX_updated\tex/generic/pgf/basiclayer\pgfc
orelayers.code.tex
File: pgfcorelayers.code.tex 2025-08-29 v3.1.11a (3.1.11a)
)
(C:\Users\court\OneDrive\Desktop\MiKTeX_updated\tex/generic/pgf/basiclayer\pgfc
oretransparency.code.tex
File: pgfcoretransparency.code.tex 2025-08-29 v3.1.11a (3.1.11a)
)
(C:\Users\court\OneDrive\Desktop\MiKTeX_updated\tex/generic/pgf/basiclayer\pgfc
orepatterns.code.tex
File: pgfcorepatterns.code.tex 2025-08-29 v3.1.11a (3.1.11a)
)
(C:\Users\court\OneDrive\Desktop\MiKTeX_updated\tex/generic/pgf/basiclayer\pgfc
orerdf.code.tex
File: pgfcorerdf.code.tex 2025-08-29 v3.1.11a (3.1.11a)
)))
(C:\Users\court\OneDrive\Desktop\MiKTeX_updated\tex/generic/pgf/modules\pgfmodu
leshapes.code.tex
File: pgfmoduleshapes.code.tex 2025-08-29 v3.1.11a (3.1.11a)
\pgfnodeparttextbox=\box112
)
(C:\Users\court\OneDrive\Desktop\MiKTeX_updated\tex/generic/pgf/modules\pgfmodu
leplot.code.tex
File: pgfmoduleplot.code.tex 2025-08-29 v3.1.11a (3.1.11a)
)
(C:\Users\court\OneDrive\Desktop\MiKTeX_updated\tex/latex/pgf/compatibility\pgf
comp-version-0-65.sty
Package: pgfcomp-version-0-65 2025-08-29 v3.1.11a (3.1.11a)
\pgf@nodesepstart=\dimen302
\pgf@nodesepend=\dimen303
)
(C:\Users\court\OneDrive\Desktop\MiKTeX_updated\tex/latex/pgf/compatibility\pgf
comp-version-1-18.sty
Package: pgfcomp-version-1-18 2025-08-29 v3.1.11a (3.1.11a)
))
(C:\Users\court\OneDrive\Desktop\MiKTeX_updated\tex/latex/pgf/utilities\pgffor.
sty
(C:\Users\court\OneDrive\Desktop\MiKTeX_updated\tex/latex/pgf/utilities\pgfkeys
.sty
(C:\Users\court\OneDrive\Desktop\MiKTeX_updated\tex/generic/pgf/utilities\pgfke
ys.code.tex))
(C:\Users\court\OneDrive\Desktop\MiKTeX_updated\tex/latex/pgf/math\pgfmath.sty
(C:\Users\court\OneDrive\Desktop\MiKTeX_updated\tex/generic/pgf/math\pgfmath.co
de.tex))
(C:\Users\court\OneDrive\Desktop\MiKTeX_updated\tex/generic/pgf/utilities\pgffo
r.code.tex
Package: pgffor 2025-08-29 v3.1.11a (3.1.11a)
\pgffor@iter=\dimen304
\pgffor@skip=\dimen305
\pgffor@stack=\toks50
\pgffor@toks=\toks51
))
(C:\Users\court\OneDrive\Desktop\MiKTeX_updated\tex/generic/pgf/frontendlayer/t
ikz\tikz.code.tex
Package: tikz 2025-08-29 v3.1.11a (3.1.11a)

(C:\Users\court\OneDrive\Desktop\MiKTeX_updated\tex/generic/pgf/libraries\pgfli
braryplothandlers.code.tex
File: pgflibraryplothandlers.code.tex 2025-08-29 v3.1.11a (3.1.11a)
\pgf@plot@mark@count=\count353
\pgfplotmarksize=\dimen306
)
\tikz@lastx=\dimen307
\tikz@lasty=\dimen308
\tikz@lastxsaved=\dimen309
\tikz@lastysaved=\dimen310
\tikz@lastmovetox=\dimen311
\tikz@lastmovetoy=\dimen312
\tikzleveldistance=\dimen313
\tikzsiblingdistance=\dimen314
\tikz@figbox=\box113
\tikz@figbox@bg=\box114
\tikz@tempbox=\box115
\tikz@tempbox@bg=\box116
\tikztreelevel=\count354
\tikznumberofchildren=\count355
\tikznumberofcurrentchild=\count356
\tikz@fig@count=\count357

(C:\Users\court\OneDrive\Desktop\MiKTeX_updated\tex/generic/pgf/modules\pgfmodu
lematrix.code.tex
File: pgfmodulematrix.code.tex 2025-08-29 v3.1.11a (3.1.11a)
\pgfmatrixcurrentrow=\count358
\pgfmatrixcurrentcolumn=\count359
\pgf@matrix@numberofcolumns=\count360
)
\tikz@expandcount=\count361

(C:\Users\court\OneDrive\Desktop\MiKTeX_updated\tex/generic/pgf/frontendlayer/t
ikz/libraries\tikzlibrarytopaths.code.tex
File: tikzlibrarytopaths.code.tex 2025-08-29 v3.1.11a (3.1.11a)
)))
(C:\Users\court\OneDrive\Desktop\MiKTeX_updated\tex/latex/tikz-qtree\tikz-qtree
.sty
(C:\Users\court\OneDrive\Desktop\MiKTeX_updated\tex/latex/tikz-qtree\pgftree.st
y
(C:\Users\court\OneDrive\Desktop\MiKTeX_updated\tex/latex/tikz-qtree\pgfsubpic.
sty
(C:\Users\court\OneDrive\Desktop\MiKTeX_updated\tex/generic/tikz-qtree\pgfsubpi
c.tex
\pgf@subpicminx=\dimen315
\pgf@subpicminy=\dimen316
\pgf@subpicmaxx=\dimen317
\pgf@subpicmaxy=\dimen318
))
(C:\Users\court\OneDrive\Desktop\MiKTeX_updated\tex/generic/tikz-qtree\pgftree.
tex
\levelsep=\dimen319
\subtreesep=\dimen320
\smuggle@levelsep=\dimen321
\smuggle@subtreesep=\dimen322
\this@levelsep=\dimen323
\this@subtreesep=\dimen324
\pgftree@childx=\dimen325
\pgftree@savechildx=\dimen326
\pgftree@childy=\dimen327
\pgftree@savechildy=\dimen328
\pgftree@childi=\count362
\pgftree@savechildi=\count363
\pgftree@level=\count364
\pgftree@depth=\dimen329
\pgf@subpic@hbox@children=\box117
\pgf@subpic@minx@children=\dimen330
\pgf@subpic@miny@children=\dimen331
\pgf@subpic@maxx@children=\dimen332
\pgf@subpic@maxy@children=\dimen333
\pgftree@lastchildx=\dimen334
\pgftree@lastchildy=\dimen335
))
(C:\Users\court\OneDrive\Desktop\MiKTeX_updated\tex/generic/tikz-qtree\tikz-qtr
ee.tex
\@result=\toks52
\child@list=\toks53
\root@node=\toks54
))
(C:\Users\court\OneDrive\Desktop\MiKTeX_updated\tex/latex/qtree\qtree.sty
Package: 2008/12/12 v.3.1bQtree: tree-drawing for linguistics
Package: qtree 2008/12/12 v.3.1bQtree: tree-drawing for linguistics
(C:\Users\court\OneDrive\Desktop\MiKTeX_updated\tex/latex/pict2e\pict2e.sty
Package: pict2e 2020/09/30 v0.4b Improved picture commands (HjG,RN,JT)

(C:\Users\court\OneDrive\Desktop\MiKTeX_updated\tex/latex/pict2e\pict2e.cfg
File: pict2e.cfg 2016/02/05 v0.1u pict2e configuration for teTeX/TeXLive
)
Package pict2e Info: Driver file: pdftex.def on input line 112.
Package pict2e Info: Driver file for pict2e: p2e-pdftex.def on input line 114.

(C:\Users\court\OneDrive\Desktop\MiKTeX_updated\tex/latex/pict2e\p2e-pdftex.def
File: p2e-pdftex.def 2016/02/05 v0.1u Driver-dependant file (RN,HjG,JT)
)
\pIIe@GRAPH=\toks55
\@arclen=\dimen336
\@arcrad=\dimen337
\pIIe@tempdima=\dimen338
\pIIe@tempdimb=\dimen339
\pIIe@tempdimc=\dimen340
\pIIe@tempdimd=\dimen341
\pIIe@tempdime=\dimen342
\pIIe@tempdimf=\dimen343
)
\c@treecount=\count365
\c@branchcount=\count366
\parentbox=\box118
\treebox=\box119
\treeboxone=\box120
\treeboxtwo=\box121
\treeboxthree=\box122
\treeboxfour=\box123
\treeboxfive=\box124
\treeboxsix=\box125
\treeboxseven=\box126
\treeboxeight=\box127
\treeboxnine=\box128
\treeboxten=\box129
\treeboxeleven=\box130
\treeboxtwelve=\box131
\treeboxthirteen=\box132
\treeboxfourteen=\box133
\treeboxfifteen=\box134
\treeboxsixteen=\box135
\treeboxseventeen=\box136
\treeboxeighteen=\box137
\treeboxnineteen=\box138
\treeboxtwenty=\box139
\treeoffsetone=\skip66
\treeoffsettwo=\skip67
\treeoffsetthree=\skip68
\treeoffsetfour=\skip69
\treeoffsetfive=\skip70
\treeoffsetsix=\skip71
\treeoffsetseven=\skip72
\treeoffseteight=\skip73
\treeoffsetnine=\skip74
\treeoffsetten=\skip75
\treeoffseteleven=\skip76
\treeoffsettwelve=\skip77
\treeoffsetthirteen=\skip78
\treeoffsetfourteen=\skip79
\treeoffsetfifteen=\skip80
\treeoffsetsixteen=\skip81
\treeoffsetseventeen=\skip82
\treeoffseteighteen=\skip83
\treeoffsetnineteen=\skip84
\treeoffsettwenty=\skip85
\treeshiftone=\skip86
\treeshifttwo=\skip87
\treeshiftthree=\skip88
\treeshiftfour=\skip89
\treeshiftfive=\skip90
\treeshiftsix=\skip91
\treeshiftseven=\skip92
\treeshifteight=\skip93
\treeshiftnine=\skip94
\treeshiftten=\skip95
\treeshifteleven=\skip96
\treeshifttwelve=\skip97
\treeshiftthirteen=\skip98
\treeshiftfourteen=\skip99
\treeshiftfifteen=\skip100
\treeshiftsixteen=\skip101
\treeshiftseventeen=\skip102
\treeshifteighteen=\skip103
\treeshiftnineteen=\skip104
\treeshifttwenty=\skip105
\treewidthone=\skip106
\treewidthtwo=\skip107
\treewidththree=\skip108
\treewidthfour=\skip109
\treewidthfive=\skip110
\treewidthsix=\skip111
\treewidthseven=\skip112
\treewidtheight=\skip113
\treewidthnine=\skip114
\treewidthten=\skip115
\treewidtheleven=\skip116
\treewidthtwelve=\skip117
\treewidththirteen=\skip118
\treewidthfourteen=\skip119
\treewidthfifteen=\skip120
\treewidthsixteen=\skip121
\treewidthseventeen=\skip122
\treewidtheighteen=\skip123
\treewidthnineteen=\skip124
\treewidthtwenty=\skip125
\daughteroffsetone=\skip126
\daughteroffsettwo=\skip127
\daughteroffsetthree=\skip128
\daughteroffsetfour=\skip129
\branchwidthone=\skip130
\branchwidthtwo=\skip131
\branchwidththree=\skip132
\branchwidthfour=\skip133
\parentoffset=\skip134
\treeoffset=\skip135
\daughteroffset=\skip136
\branchwidth=\skip137
\parentwidth=\skip138
\treewidth=\skip139
\qta=\toks56
\qtb=\toks57
\nbranches=\count367
\qroofx=\count368
\qroofy=\count369
\@qrscratchbox=\box140
) (C:\Users\court\OneDrive\Desktop\MiKTeX_updated\tex/latex/base\inputenc.sty
Package: inputenc 2024/02/08 v1.3d Input encoding file
\inpenc@prehook=\toks58
\inpenc@posthook=\toks59
) (C:\Users\court\OneDrive\Desktop\MiKTeX_updated\tex/latex/psnfss\mathptmx.sty
Package: mathptmx 2020/03/25 PSNFSS-v9.3 Times w/ Math, improved (SPQR, WaS) 
LaTeX Font Info:    Redeclaring symbol font `operators' on input line 28.
LaTeX Font Info:    Overwriting symbol font `operators' in version `normal'
(Font)                  OT1/cmr/m/n --> OT1/ztmcm/m/n on input line 28.
LaTeX Font Info:    Overwriting symbol font `operators' in version `bold'
(Font)                  OT1/cmr/bx/n --> OT1/ztmcm/m/n on input line 28.
LaTeX Font Info:    Redeclaring symbol font `letters' on input line 29.
LaTeX Font Info:    Overwriting symbol font `letters' in version `normal'
(Font)                  OML/cmm/m/it --> OML/ztmcm/m/it on input line 29.
LaTeX Font Info:    Overwriting symbol font `letters' in version `bold'
(Font)                  OML/cmm/b/it --> OML/ztmcm/m/it on input line 29.
LaTeX Font Info:    Redeclaring symbol font `symbols' on input line 30.
LaTeX Font Info:    Overwriting symbol font `symbols' in version `normal'
(Font)                  OMS/cmsy/m/n --> OMS/ztmcm/m/n on input line 30.
LaTeX Font Info:    Overwriting symbol font `symbols' in version `bold'
(Font)                  OMS/cmsy/b/n --> OMS/ztmcm/m/n on input line 30.
LaTeX Font Info:    Redeclaring symbol font `largesymbols' on input line 31.
LaTeX Font Info:    Overwriting symbol font `largesymbols' in version `normal'
(Font)                  OMX/cmex/m/n --> OMX/ztmcm/m/n on input line 31.
LaTeX Font Info:    Overwriting symbol font `largesymbols' in version `bold'
(Font)                  OMX/cmex/m/n --> OMX/ztmcm/m/n on input line 31.
\symbold=\mathgroup9
\symitalic=\mathgroup10
LaTeX Font Info:    Redeclaring math alphabet \mathbf on input line 34.
LaTeX Font Info:    Overwriting math alphabet `\mathbf' in version `normal'
(Font)                  OT1/cmr/bx/n --> OT1/ptm/bx/n on input line 34.
LaTeX Font Info:    Overwriting math alphabet `\mathbf' in version `bold'
(Font)                  OT1/cmr/bx/n --> OT1/ptm/bx/n on input line 34.
LaTeX Font Info:    Redeclaring math alphabet \mathit on input line 35.
LaTeX Font Info:    Overwriting math alphabet `\mathit' in version `normal'
(Font)                  OT1/cmr/m/it --> OT1/ptm/m/it on input line 35.
LaTeX Font Info:    Overwriting math alphabet `\mathit' in version `bold'
(Font)                  OT1/cmr/bx/it --> OT1/ptm/m/it on input line 35.
LaTeX Info: Redefining \hbar on input line 50.
) (C:\Users\court\OneDrive\Desktop\MiKTeX_updated\tex/latex/leipzig\leipzig.sty
Package: leipzig 2019/10/19 v2.3 Leipzig package for linguistic abbreviations

(C:\Users\court\OneDrive\Desktop\MiKTeX_updated\tex/latex/glossaries/base\gloss
aries.sty
Package: glossaries 2025/11/09 v4.9 (NLCT)

(C:\Users\court\OneDrive\Desktop\MiKTeX_updated\tex/latex/xkeyval\xkeyval.sty
Package: xkeyval 2022/06/16 v2.9 package option processing (HA)

(C:\Users\court\OneDrive\Desktop\MiKTeX_updated\tex/generic/xkeyval\xkeyval.tex

(C:\Users\court\OneDrive\Desktop\MiKTeX_updated\tex/generic/xkeyval\xkvutils.te
x
\XKV@toks=\toks60
\XKV@tempa@toks=\toks61
)
\XKV@depth=\count370
File: xkeyval.tex 2014/12/03 v2.7a key=value parser (HA)
))
(C:\Users\court\OneDrive\Desktop\MiKTeX_updated\tex/latex/mfirstuc\mfirstuc.sty
Package: mfirstuc 2025/04/03 v2.09 (NLCT)

(C:\Users\court\OneDrive\Desktop\MiKTeX_updated\tex/latex/etoolbox\etoolbox.sty
Package: etoolbox 2025/10/02 v2.5m e-TeX tools for LaTeX (JAW)
\etb@tempcnta=\count371
)
\@glsmfirst=\toks62
\@glsmrest=\toks63
) (C:\Users\court\OneDrive\Desktop\MiKTeX_updated\tex/latex/xfor\xfor.sty
Package: xfor 2009/02/05 v1.05 (NLCT)
)
(C:\Users\court\OneDrive\Desktop\MiKTeX_updated\tex/latex/datatool\datatool-bas
e.sty
Package: datatool-base 2025/11/06 v3.4.2 (NLCT)

(C:\Users\court\OneDrive\Desktop\MiKTeX_updated\tex/latex/tracklang\tracklang.s
ty
Package: tracklang 2025/03/11 v1.6.6 (NLCT) Track Languages

(C:\Users\court\OneDrive\Desktop\MiKTeX_updated\tex/generic/tracklang\tracklang
.tex))
\l__datatool_tmpa_int=\count372
\l__datatool_tmpb_int=\count373
\l__datatool_tmpc_int=\count374
\l__datatool_tmpd_int=\count375
\l__datatool_count_int=\count376
\l__datatool_tmp_datatype_int=\count377
\l__datatool_tmpa_dim=\dimen344
\l__datatool_tmpb_dim=\dimen345

(C:\Users\court\OneDrive\Desktop\MiKTeX_updated\tex/latex/datatool\datatool-l3f
p.def
File: datatool-l3fp.def 2025/11/06 v3.4.2 (NLCT)
)
\@dtl@toks=\toks64
\@dtl@tmpcount=\count378
\dtl@tmplength=\skip140
\l__datatool_measure_box=\box141
\dtl@sortresult=\count379

(C:\Users\court\OneDrive\Desktop\MiKTeX_updated\tex/latex/datatool\datatool-utf
8.ldf
File: datatool-utf8.ldf 2025/11/06 v3.4.2 (NLCT)
)
\@dtl@datatype=\count380
\c_datatool_unknown_int=\count381
\l__datatool_year_int=\count382
\l__datatool_month_int=\count383
\l__datatool_day_int=\count384
\l__datatool_hour_int=\count385
\l__datatool_minute_int=\count386
\l__datatool_second_int=\count387
\l__datatool_tzhour_int=\count388
\l__datatool_tzminute_int=\count389
\l__datatool_julian_int=\count390
\l__datatool_local_julian_int=\count391
\l__datatool_prefix_int=\count392
\l__datatool_suffix_int=\count393
\@dtl@foreach@level=\count394
\dtl@codeA=\count395
\dtl@codeB=\count396
)
\gls@level=\count397
\@gls@tmpb=\toks65
\gls@tmplen=\skip141
\l__glossaries_tmpa_dim=\dimen346
\l__glossaries_tmpb_dim=\dimen347
\glskeylisttok=\toks66
\glslabeltok=\toks67
\glsshorttok=\toks68
\glslongtok=\toks69

(C:\Users\court\OneDrive\Desktop\MiKTeX_updated\tex/latex/glossaries/styles\glo
ssary-hypernav.sty
Package: glossary-hypernav 2025/11/09 v4.9 (NLCT)
)
(C:\Users\court\OneDrive\Desktop\MiKTeX_updated\tex/latex/glossaries/styles\glo
ssary-list.sty
Package: glossary-list 2025/11/09 v4.9 (NLCT)
\glslistdottedwidth=\skip142
)
(C:\Users\court\OneDrive\Desktop\MiKTeX_updated\tex/latex/glossaries/styles\glo
ssary-long.sty
Package: glossary-long 2025/11/09 v4.9 (NLCT)

(C:\Users\court\OneDrive\Desktop\MiKTeX_updated\tex/latex/tools\longtable.sty
Package: longtable 2025-10-13 v4.24 Multi-page Table package (DPC)
\LTleft=\skip143
\LTright=\skip144
\LTpre=\skip145
\LTpost=\skip146
\LTchunksize=\count398
\LTcapwidth=\dimen348
\LT@head=\box142
\LT@firsthead=\box143
\LT@foot=\box144
\LT@lastfoot=\box145
\LT@gbox=\box146
\LT@cols=\count399
\LT@rows=\count400
\c@LT@tables=\count401
\c@LT@chunks=\count402
\LT@p@ftn=\toks70
)
\glsdescwidth=\skip147
\glspagelistwidth=\skip148
)
(C:\Users\court\OneDrive\Desktop\MiKTeX_updated\tex/latex/glossaries/styles\glo
ssary-super.sty
Package: glossary-super 2025/11/09 v4.9 (NLCT)

(C:\Users\court\OneDrive\Desktop\MiKTeX_updated\tex/latex/supertabular\supertab
ular.sty
Package: supertabular 2024/07/20 v4.2c the supertabular environment
\c@tracingst=\count403
\ST@wd=\dimen349
\ST@rightskip=\skip149
\ST@leftskip=\skip150
\ST@parfillskip=\skip151
\ST@pageleft=\dimen350
\ST@headht=\dimen351
\ST@tailht=\dimen352
\ST@pagesofar=\dimen353
\ST@pboxht=\dimen354
\ST@rowht=\dimen355
\ST@prevht=\dimen356
\ST@toadd=\dimen357
\ST@dimen=\dimen358
\ST@pbox=\box147
))
(C:\Users\court\OneDrive\Desktop\MiKTeX_updated\tex/latex/glossaries/styles\glo
ssary-tree.sty
Package: glossary-tree 2025/11/09 v4.9 (NLCT)
\l__glossaries_tree_max_known_level_int=\count404
\l__glossaries_tree_offset_dim=\dimen359
\l__glossaries_tree_namewidth_dim=\dimen360
\l__glossaries_tree_symbolwidth_dim=\dimen361
\l__glossaries_tree_prenamesym_width_dim=\dimen362
\l__glossaries_tree_presubnamesym_width_dim=\dimen363
\l__glossaries_tree_namewidth_padding_dim=\dimen364
\l__glossaries_tree_symbolwidth_padding_dim=\dimen365
\l__glossaries_tree_namesymbolwidth_dim=\dimen366
\l__glossaries_tree_namesymbolwidth_padding_dim=\dimen367
\l__glossaries_tree_level_int=\count405
\glstreeindent=\skip152
))
(C:\Users\court\OneDrive\Desktop\MiKTeX_updated\tex/latex/glossaries/styles\glo
ssary-mcols.sty
Package: glossary-mcols 2025/11/09 v4.9 (NLCT)
\l__glossaries_mcols_columns_int=\count406
)
(C:\Users\court\OneDrive\Desktop\MiKTeX_updated\tex/latex/glossaries/styles\glo
ssary-inline.sty
Package: glossary-inline 2025/11/09 v4.9 (NLCT)
)
(C:\Users\court\OneDrive\Desktop\MiKTeX_updated\tex/latex/leipzig\leipzig.tex)

LaTeX Font Warning: Font shape `OT1/cmr/b/sc' undefined
(Font)              using `OT1/cmr/b/n' instead on input line 503.

)
(C:\Users\court\OneDrive\Desktop\MiKTeX_updated\tex/latex/hyperref\hyperref.sty
Package: hyperref 2025-07-12 v7.01o Hypertext links for LaTeX

(C:\Users\court\OneDrive\Desktop\MiKTeX_updated\tex/latex/kvsetkeys\kvsetkeys.s
ty
Package: kvsetkeys 2022-10-05 v1.19 Key value parser (HO)
)
(C:\Users\court\OneDrive\Desktop\MiKTeX_updated\tex/generic/kvdefinekeys\kvdefi
nekeys.sty
Package: kvdefinekeys 2019-12-19 v1.6 Define keys (HO)
)
(C:\Users\court\OneDrive\Desktop\MiKTeX_updated\tex/generic/pdfescape\pdfescape
.sty
Package: pdfescape 2019/12/09 v1.15 Implements pdfTeX's escape features (HO)

(C:\Users\court\OneDrive\Desktop\MiKTeX_updated\tex/generic/ltxcmds\ltxcmds.sty
Package: ltxcmds 2023-12-04 v1.26 LaTeX kernel commands for general use (HO)
)
(C:\Users\court\OneDrive\Desktop\MiKTeX_updated\tex/generic/pdftexcmds\pdftexcm
ds.sty
Package: pdftexcmds 2020-06-27 v0.33 Utility functions of pdfTeX for LuaTeX (HO
)
Package pdftexcmds Info: \pdf@primitive is available.
Package pdftexcmds Info: \pdf@ifprimitive is available.
Package pdftexcmds Info: \pdfdraftmode found.
))
(C:\Users\court\OneDrive\Desktop\MiKTeX_updated\tex/latex/hycolor\hycolor.sty
Package: hycolor 2020-01-27 v1.10 Color options for hyperref/bookmark (HO)
)
(C:\Users\court\OneDrive\Desktop\MiKTeX_updated\tex/latex/hyperref\nameref.sty
Package: nameref 2025-06-21 v2.57 Cross-referencing by name of section

(C:\Users\court\OneDrive\Desktop\MiKTeX_updated\tex/latex/refcount\refcount.sty
Package: refcount 2019/12/15 v3.6 Data extraction from label references (HO)
)
(C:\Users\court\OneDrive\Desktop\MiKTeX_updated\tex/generic/gettitlestring\gett
itlestring.sty
Package: gettitlestring 2019/12/15 v1.6 Cleanup title references (HO)

(C:\Users\court\OneDrive\Desktop\MiKTeX_updated\tex/latex/kvoptions\kvoptions.s
ty
Package: kvoptions 2022-06-15 v3.15 Key value format for package options (HO)
))
\c@section@level=\count407
)
(C:\Users\court\OneDrive\Desktop\MiKTeX_updated\tex/generic/stringenc\stringenc
.sty
Package: stringenc 2019/11/29 v1.12 Convert strings between diff. encodings (HO
)
)
\@linkdim=\dimen368
\Hy@linkcounter=\count408
\Hy@pagecounter=\count409

(C:\Users\court\OneDrive\Desktop\MiKTeX_updated\tex/latex/hyperref\pd1enc.def
File: pd1enc.def 2025-07-12 v7.01o Hyperref: PDFDocEncoding definition (HO)
Now handling font encoding PD1 ...
... no UTF-8 mapping file for font encoding PD1
)
(C:\Users\court\OneDrive\Desktop\MiKTeX_updated\tex/generic/intcalc\intcalc.sty
Package: intcalc 2019/12/15 v1.3 Expandable calculations with integers (HO)
)
\Hy@SavedSpaceFactor=\count410
 (C:\Users\court\OneDrive\Desktop\MiKTeX_updated\tex/latex/hyperref\puenc.def
File: puenc.def 2025-07-12 v7.01o Hyperref: PDF Unicode definition (HO)
Now handling font encoding PU ...
... no UTF-8 mapping file for font encoding PU
)
Package hyperref Info: Option `unicode' set `true' on input line 4066.
Package hyperref Info: Hyper figures OFF on input line 4195.
Package hyperref Info: Link nesting OFF on input line 4200.
Package hyperref Info: Hyper index ON on input line 4203.
Package hyperref 