This is pdfTeX, Version 3.141592653-2.6-1.40.27 (MiKTeX 25.2) (preloaded format=pdflatex 2025.11.10)  18 DEC 2025 11:24
entering extended mode
 restricted \write18 enabled.
 %&-line parsing enabled.
**./AFLA_manuscript.tex
(AFLA_manuscript.tex
LaTeX2e <2025-11-01>
L3 programming layer <2025-10-24>
(C:\Users\court\OneDrive\Desktop\MiKTeX_updated\tex/latex/apa6\apa6.cls
Document Class: apa6 2023/08/07 v2.35 APA formatting (6th edition)
(C:\Users\court\OneDrive\Desktop\MiKTeX_updated\tex/latex/base\article.cls
Document Class: article 2025/01/22 v1.4n Standard LaTeX document class
(C:\Users\court\OneDrive\Desktop\MiKTeX_updated\tex/latex/base\size12.clo
File: size12.clo 2025/01/22 v1.4n Standard LaTeX file (size option)
)
\c@part=\count275
\c@section=\count276
\c@subsection=\count277
\c@subsubsection=\count278
\c@paragraph=\count279
\c@subparagraph=\count280
\c@figure=\count281
\c@table=\count282
\abovecaptionskip=\skip49
\belowcaptionskip=\skip50
\bibindent=\dimen148
)
(C:\Users\court\OneDrive\Desktop\MiKTeX_updated\tex/latex/etoolbox\etoolbox.sty
Package: etoolbox 2025/10/02 v2.5m e-TeX tools for LaTeX (JAW)
\etb@tempcnta=\count283
)
Class apa6 Info: No bibliography package was specified; defaulting to (but not 
loading) Biblatex on input line 213.
(C:\Users\court\OneDrive\Desktop\MiKTeX_updated\tex/latex/lm\lmodern.sty
Package: lmodern 2015/05/01 v1.6.1 Latin Modern Fonts
LaTeX Font Info:    Overwriting symbol font `operators' in version `normal'
(Font)                  OT1/cmr/m/n --> OT1/lmr/m/n on input line 22.
LaTeX Font Info:    Overwriting symbol font `letters' in version `normal'
(Font)                  OML/cmm/m/it --> OML/lmm/m/it on input line 23.
LaTeX Font Info:    Overwriting symbol font `symbols' in version `normal'
(Font)                  OMS/cmsy/m/n --> OMS/lmsy/m/n on input line 24.
LaTeX Font Info:    Overwriting symbol font `largesymbols' in version `normal'
(Font)                  OMX/cmex/m/n --> OMX/lmex/m/n on input line 25.
LaTeX Font Info:    Overwriting symbol font `operators' in version `bold'
(Font)                  OT1/cmr/bx/n --> OT1/lmr/bx/n on input line 26.
LaTeX Font Info:    Overwriting symbol font `letters' in version `bold'
(Font)                  OML/cmm/b/it --> OML/lmm/b/it on input line 27.
LaTeX Font Info:    Overwriting symbol font `symbols' in version `bold'
(Font)                  OMS/cmsy/b/n --> OMS/lmsy/b/n on input line 28.
LaTeX Font Info:    Overwriting symbol font `largesymbols' in version `bold'
(Font)                  OMX/cmex/m/n --> OMX/lmex/m/n on input line 29.
LaTeX Font Info:    Overwriting math alphabet `\mathbf' in version `normal'
(Font)                  OT1/cmr/bx/n --> OT1/lmr/bx/n on input line 31.
LaTeX Font Info:    Overwriting math alphabet `\mathsf' in version `normal'
(Font)                  OT1/cmss/m/n --> OT1/lmss/m/n on input line 32.
LaTeX Font Info:    Overwriting math alphabet `\mathit' in version `normal'
(Font)                  OT1/cmr/m/it --> OT1/lmr/m/it on input line 33.
LaTeX Font Info:    Overwriting math alphabet `\mathtt' in version `normal'
(Font)                  OT1/cmtt/m/n --> OT1/lmtt/m/n on input line 34.
LaTeX Font Info:    Overwriting math alphabet `\mathbf' in version `bold'
(Font)                  OT1/cmr/bx/n --> OT1/lmr/bx/n on input line 35.
LaTeX Font Info:    Overwriting math alphabet `\mathsf' in version `bold'
(Font)                  OT1/cmss/bx/n --> OT1/lmss/bx/n on input line 36.
LaTeX Font Info:    Overwriting math alphabet `\mathit' in version `bold'
(Font)                  OT1/cmr/bx/it --> OT1/lmr/bx/it on input line 37.
LaTeX Font Info:    Overwriting math alphabet `\mathtt' in version `bold'
(Font)                  OT1/cmtt/m/n --> OT1/lmtt/m/n on input line 38.
) (C:\Users\court\OneDrive\Desktop\MiKTeX_updated\tex/latex/base\fontenc.sty
Package: fontenc 2025/07/18 v2.1d Standard LaTeX package
LaTeX Font Info:    Trying to load font information for T1+lmr on input line 11
6.
(C:\Users\court\OneDrive\Desktop\MiKTeX_updated\tex/latex/lm\t1lmr.fd
File: t1lmr.fd 2015/05/01 v1.6.1 Font defs for Latin Modern
))
(C:\Users\court\OneDrive\Desktop\MiKTeX_updated\tex/latex/geometry\geometry.sty
Package: geometry 2020/01/02 v5.9 Page Geometry
(C:\Users\court\OneDrive\Desktop\MiKTeX_updated\tex/latex/graphics\keyval.sty
Package: keyval 2022/05/29 v1.15 key=value parser (DPC)
\KV@toks@=\toks17
) (C:\Users\court\OneDrive\Desktop\MiKTeX_updated\tex/generic/iftex\ifvtex.sty
Package: ifvtex 2019/10/25 v1.7 ifvtex legacy package. Use iftex instead.
(C:\Users\court\OneDrive\Desktop\MiKTeX_updated\tex/generic/iftex\iftex.sty
Package: iftex 2024/12/12 v1.0g TeX engine tests
))
\Gm@cnth=\count284
\Gm@cntv=\count285
\c@Gm@tempcnt=\count286
\Gm@bindingoffset=\dimen149
\Gm@wd@mp=\dimen150
\Gm@odd@mp=\dimen151
\Gm@even@mp=\dimen152
\Gm@layoutwidth=\dimen153
\Gm@layoutheight=\dimen154
\Gm@layouthoffset=\dimen155
\Gm@layoutvoffset=\dimen156
\Gm@dimlist=\toks18

(C:\Users\court\OneDrive\Desktop\MiKTeX_updated\tex/latex/geometry\geometry.cfg
))
(C:\Users\court\OneDrive\Desktop\MiKTeX_updated\tex/latex/graphics\graphicx.sty
Package: graphicx 2024/12/31 v1.2e Enhanced LaTeX Graphics (DPC,SPQR)

(C:\Users\court\OneDrive\Desktop\MiKTeX_updated\tex/latex/graphics\graphics.sty
Package: graphics 2024/08/06 v1.4g Standard LaTeX Graphics (DPC,SPQR)
(C:\Users\court\OneDrive\Desktop\MiKTeX_updated\tex/latex/graphics\trig.sty
Package: trig 2023/12/02 v1.11 sin cos tan (DPC)
)
(C:\Users\court\OneDrive\Desktop\MiKTeX_updated\tex/latex/graphics-cfg\graphics
.cfg
File: graphics.cfg 2016/06/04 v1.11 sample graphics configuration
)
Package graphics Info: Driver file: pdftex.def on input line 106.

(C:\Users\court\OneDrive\Desktop\MiKTeX_updated\tex/latex/graphics-def\pdftex.d
ef
File: pdftex.def 2025/09/29 v1.2d Graphics/color driver for pdftex
))
\Gin@req@height=\dimen157
\Gin@req@width=\dimen158
)
(C:\Users\court\OneDrive\Desktop\MiKTeX_updated\tex/generic/gettitlestring\gett
itlestring.sty
Package: gettitlestring 2019/12/15 v1.6 Cleanup title references (HO)

(C:\Users\court\OneDrive\Desktop\MiKTeX_updated\tex/latex/kvoptions\kvoptions.s
ty
Package: kvoptions 2022-06-15 v3.15 Key value format for package options (HO)

(C:\Users\court\OneDrive\Desktop\MiKTeX_updated\tex/generic/ltxcmds\ltxcmds.sty
Package: ltxcmds 2023-12-04 v1.26 LaTeX kernel commands for general use (HO)
)
(C:\Users\court\OneDrive\Desktop\MiKTeX_updated\tex/latex/kvsetkeys\kvsetkeys.s
ty
Package: kvsetkeys 2022-10-05 v1.19 Key value parser (HO)
)))
(C:\Users\court\OneDrive\Desktop\MiKTeX_updated\tex/latex/booktabs\booktabs.sty
Package: booktabs 2020/01/12 v1.61803398 Publication quality tables
\heavyrulewidth=\dimen159
\lightrulewidth=\dimen160
\cmidrulewidth=\dimen161
\belowrulesep=\dimen162
\belowbottomsep=\dimen163
\aboverulesep=\dimen164
\abovetopsep=\dimen165
\cmidrulesep=\dimen166
\cmidrulekern=\dimen167
\defaultaddspace=\dimen168
\@cmidla=\count287
\@cmidlb=\count288
\@aboverulesep=\dimen169
\@belowrulesep=\dimen170
\@thisruleclass=\count289
\@lastruleclass=\count290
\@thisrulewidth=\dimen171
)
(C:\Users\court\OneDrive\Desktop\MiKTeX_updated\tex/latex/threeparttable\threep
arttable.sty
Package: threeparttable 2003/06/13  v 3.0
\@tempboxb=\box53
)
\b@level@one@skip=\skip51
\e@level@one@skip=\skip52
\b@level@two@skip=\skip53
\e@level@two@skip=\skip54
\b@level@three@skip=\skip55
\e@level@three@skip=\skip56
\b@level@four@skip=\skip57
\e@level@four@skip=\skip58
\b@level@five@skip=\skip59
\e@level@five@skip=\skip60
(C:\Users\court\OneDrive\Desktop\MiKTeX_updated\tex/latex/caption\caption.sty
Package: caption 2023/08/05 v3.6o Customizing captions (AR)
(C:\Users\court\OneDrive\Desktop\MiKTeX_updated\tex/latex/caption\caption3.sty
Package: caption3 2023/07/31 v2.4d caption3 kernel (AR)
\caption@tempdima=\dimen172
\captionmargin=\dimen173
\caption@leftmargin=\dimen174
\caption@rightmargin=\dimen175
\caption@width=\dimen176
\caption@indent=\dimen177
\caption@parindent=\dimen178
\caption@hangindent=\dimen179
Package caption Info: Standard document class detected.
)
\c@caption@flags=\count291
\c@continuedfloat=\count292
Package caption Info: threeparttable package is loaded.
)
\c@APAenum=\count293
\@text@par@indent=\skip61
\gr@box=\box54
\gr@boxwidth=\skip62
\gr@boxheight=\skip63
(C:\Users\court\OneDrive\Desktop\MiKTeX_updated\tex/latex/tools\bm.sty
Package: bm 2025/10/21 v1.2g Bold Symbol Support (DPC/FMi)
\symboldoperators=\mathgroup4
\symboldletters=\mathgroup5
\symboldsymbols=\mathgroup6
Package bm Info: No bold for \OMX/lmex/m/n, using \pmb.
LaTeX Font Info:    Redeclaring math alphabet \mathbf on input line 149.
)
\c@appendix=\count294

(C:\Users\court\OneDrive\Desktop\MiKTeX_updated\tex/latex/fancyhdr\fancyhdr.sty
Package: fancyhdr 2025/02/07 v5.2 Extensive control of page headers and footers

\f@nch@headwidth=\skip64
\f@nch@offset@elh=\skip65
\f@nch@offset@erh=\skip66
\f@nch@offset@olh=\skip67
\f@nch@offset@orh=\skip68
\f@nch@offset@elf=\skip69
\f@nch@offset@erf=\skip70
\f@nch@offset@olf=\skip71
\f@nch@offset@orf=\skip72
\f@nch@height=\skip73
\f@nch@footalignment=\skip74
\f@nch@widthL=\skip75
\f@nch@widthC=\skip76
\f@nch@widthR=\skip77
\@temptokenb=\toks19
)
(C:\Users\court\OneDrive\Desktop\MiKTeX_updated\tex/latex/endfloat\endfloat.sty
Package: endfloat 2019/04/15 v2.7 LaTeX2e package puts figures and tables at en
d (jdm)
\c@posttable=\count295
\efloat@postttt=\write3
\@ef@tttopen=\count296
\c@postfigure=\count297
\efloat@postfff=\write4
\@ef@fffopen=\count298
) (C:\Users\court\OneDrive\Desktop\MiKTeX_updated\tex/latex/float\float.sty
Package: float 2001/11/08 v1.3d Float enhancements (AL)
\c@float@type=\count299
\float@exts=\toks20
\float@box=\box55
\@float@everytoks=\toks21
\@floatcapt=\box56
)) (C:\Users\court\OneDrive\Desktop\MiKTeX_updated\tex/latex/xcolor\xcolor.sty
Package: xcolor 2024/09/29 v3.02 LaTeX color extensions (UK)

(C:\Users\court\OneDrive\Desktop\MiKTeX_updated\tex/latex/graphics-cfg\color.cf
g
File: color.cfg 2016/01/02 v1.6 sample color configuration
)
Package xcolor Info: Driver file: pdftex.def on input line 274.

(C:\Users\court\OneDrive\Desktop\MiKTeX_updated\tex/latex/graphics\mathcolor.lt
x)
Package xcolor Info: Model `cmy' substituted by `cmy0' on input line 1349.
Package xcolor Info: Model `hsb' substituted by `rgb' on input line 1353.
Package xcolor Info: Model `RGB' extended on input line 1365.
Package xcolor Info: Model `HTML' substituted by `rgb' on input line 1367.
Package xcolor Info: Model `Hsb' substituted by `hsb' on input line 1368.
Package xcolor Info: Model `tHsb' substituted by `hsb' on input line 1369.
Package xcolor Info: Model `HSB' substituted by `hsb' on input line 1370.
Package xcolor Info: Model `Gray' substituted by `gray' on input line 1371.
Package xcolor Info: Model `wave' substituted by `hsb' on input line 1372.
) (C:\Users\court\OneDrive\Desktop\MiKTeX_updated\tex/latex/amsmath\amsmath.sty
Package: amsmath 2025/07/09 v2.17z AMS math features
\@mathmargin=\skip78
For additional information on amsmath, use the `?' option.
(C:\Users\court\OneDrive\Desktop\MiKTeX_updated\tex/latex/amsmath\amstext.sty
Package: amstext 2024/11/17 v2.01 AMS text
(C:\Users\court\OneDrive\Desktop\MiKTeX_updated\tex/latex/amsmath\amsgen.sty
File: amsgen.sty 1999/11/30 v2.0 generic functions
\@emptytoks=\toks22
\ex@=\dimen180
)) (C:\Users\court\OneDrive\Desktop\MiKTeX_updated\tex/latex/amsmath\amsbsy.sty
Package: amsbsy 1999/11/29 v1.2d Bold Symbols
LaTeX Info: Redefining \boldsymbol on input line 28.
\pmbraise@=\dimen181
) (C:\Users\court\OneDrive\Desktop\MiKTeX_updated\tex/latex/amsmath\amsopn.sty
Package: amsopn 2022/04/08 v2.04 operator names
)
\inf@bad=\count300
LaTeX Info: Redefining \frac on input line 233.
\uproot@=\count301
\leftroot@=\count302
LaTeX Info: Redefining \overline on input line 398.
LaTeX Info: Redefining \colon on input line 409.
\classnum@=\count303
\DOTSCASE@=\count304
LaTeX Info: Redefining \ldots on input line 495.
LaTeX Info: Redefining \dots on input line 498.
LaTeX Info: Redefining \cdots on input line 619.
\Mathstrutbox@=\box57
\strutbox@=\box58
LaTeX Info: Redefining \big on input line 721.
LaTeX Info: Redefining \Big on input line 722.
LaTeX Info: Redefining \bigg on input line 723.
LaTeX Info: Redefining \Bigg on input line 724.
\big@size=\dimen182
LaTeX Font Info:    Redeclaring font encoding OML on input line 742.
LaTeX Font Info:    Redeclaring font encoding OMS on input line 743.
\macc@depth=\count305
LaTeX Info: Redefining \bmod on input line 904.
LaTeX Info: Redefining \pmod on input line 909.
LaTeX Info: Redefining \smash on input line 939.
LaTeX Info: Redefining \relbar on input line 969.
LaTeX Info: Redefining \Relbar on input line 970.
\c@MaxMatrixCols=\count306
\dotsspace@=\muskip17
\c@parentequation=\count307
\dspbrk@lvl=\count308
\tag@help=\toks23
\row@=\count309
\column@=\count310
\maxfields@=\count311
\andhelp@=\toks24
\eqnshift@=\dimen183
\alignsep@=\dimen184
\tagshift@=\dimen185
\tagwidth@=\dimen186
\totwidth@=\dimen187
\lineht@=\dimen188
\@envbody=\toks25
\multlinegap=\skip79
\multlinetaggap=\skip80
\mathdisplay@stack=\toks26
LaTeX Info: Redefining \[ on input line 2950.
LaTeX Info: Redefining \] on input line 2951.
) (C:\Users\court\OneDrive\Desktop\MiKTeX_updated\tex/latex/amsfonts\amssymb.st
y
Package: amssymb 2013/01/14 v3.01 AMS font symbols

(C:\Users\court\OneDrive\Desktop\MiKTeX_updated\tex/latex/amsfonts\amsfonts.sty
Package: amsfonts 2013/01/14 v3.01 Basic AMSFonts support
\symAMSa=\mathgroup7
\symAMSb=\mathgroup8
LaTeX Font Info:    Redeclaring math symbol \hbar on input line 98.
LaTeX Font Info:    Overwriting math alphabet `\mathfrak' in version `bold'
(Font)                  U/euf/m/n --> U/euf/b/n on input line 106.
)) (C:\Users\court\OneDrive\Desktop\MiKTeX_updated\tex/latex/base\fontenc.sty
Package: fontenc 2025/07/18 v2.1d Standard LaTeX package
) (C:\Users\court\OneDrive\Desktop\MiKTeX_updated\tex/latex/base\inputenc.sty
Package: inputenc 2024/02/08 v1.3d Input encoding file
\inpenc@prehook=\toks27
\inpenc@posthook=\toks28
) (C:\Users\court\OneDrive\Desktop\MiKTeX_updated\tex/latex/base\textcomp.sty
Package: textcomp 2024/04/24 v2.1b Standard LaTeX package
) (C:\Users\court\OneDrive\Desktop\MiKTeX_updated\tex/latex/upquote\upquote.sty
Package: upquote 2012/04/19 v1.3 upright-quote and grave-accent glyphs in verba
tim
)
(C:\Users\court\OneDrive\Desktop\MiKTeX_updated\tex/latex/microtype\microtype.s
ty
Package: microtype 2025/07/09 v3.2b Micro-typographical refinements (RS)
\MT@toks=\toks29
\MT@tempbox=\box59
\MT@count=\count312
LaTeX Info: Redefining \noprotrusionifhmode on input line 1087.
LaTeX Info: Redefining \leftprotrusion on input line 1088.
\MT@prot@toks=\toks30
LaTeX Info: Redefining \rightprotrusion on input line 1107.
LaTeX Info: Redefining \textls on input line 1449.
\MT@outer@kern=\dimen189
LaTeX Info: Redefining \microtypecontext on input line 2053.
LaTeX Info: Redefining \textmicrotypecontext on input line 2070.
\MT@listname@count=\count313

(C:\Users\court\OneDrive\Desktop\MiKTeX_updated\tex/latex/microtype\microtype-p
dftex.def
File: microtype-pdftex.def 2025/07/09 v3.2b Definitions specific to pdftex (RS)

LaTeX Info: Redefining \lsstyle on input line 944.
LaTeX Info: Redefining \lslig on input line 944.
\MT@outer@space=\skip81
)
Package microtype Info: Loading configuration file microtype.cfg.

(C:\Users\court\OneDrive\Desktop\MiKTeX_updated\tex/latex/microtype\microtype.c
fg
File: microtype.cfg 2025/07/09 v3.2b microtype main configuration file (RS)
)
LaTeX Info: Redefining \microtypesetup on input line 3065.
) (C:\Users\court\OneDrive\Desktop\MiKTeX_updated\tex/latex/parskip\parskip.sty
Package: parskip 2021-03-14 v2.0h non-zero parskip adjustments
)
(C:\Users\court\OneDrive\Desktop\MiKTeX_updated\tex/latex/fancyvrb\fancyvrb.sty
Package: fancyvrb 2025/07/28 4.6 verbatim text (tvz,hv)
\FV@CodeLineNo=\count314
\FV@InFile=\read2
\FV@TabBox=\box60
\c@FancyVerbLine=\count315
\FV@StepNumber=\count316
\FV@OutFile=\write5
) (C:\Users\court\OneDrive\Desktop\MiKTeX_updated\tex/latex/framed\framed.sty
Package: framed 2011/10/22 v 0.96: framed or shaded text with page breaks
\OuterFrameSep=\skip82
\fb@frw=\dimen190
\fb@frh=\dimen191
\FrameRule=\dimen192
\FrameSep=\dimen193
)
\pandoc@box=\box61
(C:\Users\court\OneDrive\Desktop\MiKTeX_updated\tex/generic/babel\babel.sty
Package: babel 2025/10/22 v25.14 The multilingual framework for LuaLaTeX, pdfLa
TeX and XeLaTeX
\babel@savecnt=\count317
LaTeX Encoding Info:    Redeclaring text command \ij (encoding OT1) on input li
ne 2050.
LaTeX Encoding Info:    Redeclaring text command \IJ (encoding OT1) on input li
ne 2052.
LaTeX Encoding Info:    Redeclaring text command \ij (encoding T1) on input lin
e 2054.
LaTeX Encoding Info:    Redeclaring text command \IJ (encoding T1) on input lin
e 2055.
LaTeX Encoding Info:    Ignoring declaration for text command \ij (encoding ?) 
on input line 2056.
LaTeX Encoding Info:    Ignoring declaration for text command \IJ (encoding ?) 
on input line 2058.
LaTeX Encoding Info:    Ignoring declaration for text command \SS (encoding ?) 
on input line 2083.
\U@D=\dimen194
\l@unhyphenated=\language79
(C:\Users\court\OneDrive\Desktop\MiKTeX_updated\tex/generic/babel\txtbabel.def)
\bbl@readstream=\read3
\bbl@dirlevel=\count318

Package babel Warning: Configuration files are deprecated, as
(babel)                they can break document portability.
(babel)                Reported on input line 4172.

*************************************
* Local config file bblopts.cfg used
*
(C:\Users\court\OneDrive\Desktop\MiKTeX_updated\tex/latex/arabi\bblopts.cfg
File: bblopts.cfg 2005/09/08 v0.1 add Arabic and Farsi to "declared" options of
 babel
)
(C:\Users\court\OneDrive\Desktop\MiKTeX_updated\tex/generic/babel/locale/en\bab
el-english.tex)
Package babel Info: Importing font and identification data for english
(babel)             from babel-en.ini. Reported on input line 4295.

(C:\Users\court\OneDrive\Desktop\MiKTeX_updated\tex/latex/babel-english\english
.ldf
Language: english 2017/06/06 v3.3r English support from the babel system
Package babel Info: Hyphen rules for 'canadian' set to \l@english
(babel)             (\language0). Reported on input line 102.
Package babel Info: Hyphen rules for 'australian' set to \l@ukenglish
(babel)             (\language73). Reported on input line 105.
Package babel Info: Hyphen rules for 'newzealand' set to \l@ukenglish
(babel)             (\language73). Reported on input line 108.
)) (C:\Users\court\OneDrive\Desktop\MiKTeX_updated\tex/latex/was\upgreek.sty
Package: upgreek 2003/02/12 v2.0 (WaS)
Package upgreek Info: Using Euler Roman for upright Greek on input line 31.
\symugrf@m=\mathgroup9
LaTeX Font Info:    Overwriting symbol font `ugrf@m' in version `bold'
(Font)                  U/eur/m/n --> U/eur/b/n on input line 38.
) (C:\Users\court\OneDrive\Desktop\MiKTeX_updated\tex/latex/tools\longtable.sty
Package: longtable 2025-10-13 v4.24 Multi-page Table package (DPC)
\LTleft=\skip83
\LTright=\skip84
\LTpre=\skip85
\LTpost=\skip86
\LTchunksize=\count319
\LTcapwidth=\dimen195
\LT@head=\box62
\LT@firsthead=\box63
\LT@foot=\box64
\LT@lastfoot=\box65
\LT@gbox=\box66
\LT@cols=\count320
\LT@rows=\count321
\c@LT@tables=\count322
\c@LT@chunks=\count323
\LT@p@ftn=\toks31
) (C:\Users\court\OneDrive\Desktop\MiKTeX_updated\tex/latex/graphics\lscape.sty
Package: lscape 2020/05/28 v3.02 Landscape Pages (DPC)
)
(C:\Users\court\OneDrive\Desktop\MiKTeX_updated\tex/latex/multirow\multirow.sty
Package: multirow 2024/11/12 v2.9 Span multiple rows of a table
\multirow@colwidth=\skip87
\multirow@cntb=\count324
\multirow@dima=\skip88
\bigstrutjot=\dimen196
) (C:\Users\court\OneDrive\Desktop\MiKTeX_updated\tex/latex/tools\tabularx.sty
Package: tabularx 2023/12/11 v2.12a `tabularx' package (DPC)
(C:\Users\court\OneDrive\Desktop\MiKTeX_updated\tex/latex/tools\array.sty
Package: array 2025/09/25 v2.6n Tabular extension package (FMi)
\col@sep=\dimen197
\ar@mcellbox=\box67
\extrarowheight=\dimen198
\NC@list=\toks32
\extratabsurround=\skip89
\backup@length=\skip90
\ar@cellbox=\box68
)
\TX@col@width=\dimen199
\TX@old@table=\dimen256
\TX@old@col=\dimen257
\TX@target=\dimen258
\TX@delta=\dimen259
\TX@cols=\count325
\TX@ftn=\toks33
)
(C:\Users\court\OneDrive\Desktop\MiKTeX_updated\tex/latex/threeparttablex\three
parttablex.sty
Package: threeparttablex 2013/07/23 v0.3 by daleif
(C:\Users\court\OneDrive\Desktop\MiKTeX_updated\tex/latex/environ\environ.sty
Package: environ 2014/05/04 v0.3 A new way to define environments

(C:\Users\court\OneDrive\Desktop\MiKTeX_updated\tex/latex/trimspaces\trimspaces
.sty
Package: trimspaces 2009/09/17 v1.1 Trim spaces around a token list
))
\TPTL@width=\skip91
)
\longtablewidth=\skip92
(C:\Users\court\OneDrive\Desktop\MiKTeX_updated\tex/latex/xpatch\xpatch.sty (C:
\Users\court\OneDrive\Desktop\MiKTeX_updated\tex/latex/l3kernel\expl3.sty
Package: expl3 2025-10-24 L3 programming layer (loader) 

(C:\Users\court\OneDrive\Desktop\MiKTeX_updated\tex/latex/l3backend\l3backend-p
dftex.def
File: l3backend-pdftex.def 2025-10-09 L3 backend support: PDF output (pdfTeX)
\l__color_backend_stack_int=\count326
))
Package: xpatch 2020/03/25 v0.3a Extending etoolbox patching commands

(C:\Users\court\OneDrive\Desktop\MiKTeX_updated\tex/latex/l3packages/xparse\xpa
rse.sty
Package: xparse 2025-10-09 L3 Experimental document command parser
))
(C:\Users\court\OneDrive\Desktop\MiKTeX_updated\tex/latex/csquotes\csquotes.sty
Package: csquotes 2024-04-04 v5.2o context-sensitive quotations (JAW)
\csq@reset=\count327
\csq@gtype=\count328
\csq@glevel=\count329
\csq@qlevel=\count330
\csq@maxlvl=\count331
\csq@tshold=\count332
\csq@ltx@everypar=\toks34

(C:\Users\court\OneDrive\Desktop\MiKTeX_updated\tex/latex/csquotes\csquotes.def
File: csquotes.def 2024-04-04 v5.2o csquotes generic definitions (JAW)
)
Package csquotes Info: Trying to load configuration file 'csquotes.cfg'...
Package csquotes Info: ... configuration file loaded successfully.

(C:\Users\court\OneDrive\Desktop\MiKTeX_updated\tex/latex/csquotes\csquotes.cfg
File: csquotes.cfg 
)) (C:\Users\court\OneDrive\Desktop\MiKTeX_updated\tex/latex/tocloft\tocloft.st
y
Package: tocloft 2017/08/31 v2.3i parameterised ToC, etc., typesetting
Package tocloft Info: The document has section divisions on input line 51.
\cftparskip=\skip93
\cftbeforetoctitleskip=\skip94
\cftaftertoctitleskip=\skip95
\cftbeforepartskip=\skip96
\cftpartnumwidth=\skip97
\cftpartindent=\skip98
\cftbeforesecskip=\skip99
\cftsecindent=\skip100
\cftsecnumwidth=\skip101
\cftbeforesubsecskip=\skip102
\cftsubsecindent=\skip103
\cftsubsecnumwidth=\skip104
\cftbeforesubsubsecskip=\skip105
\cftsubsubsecindent=\skip106
\cftsubsubsecnumwidth=\skip107
\cftbeforeparaskip=\skip108
\cftparaindent=\skip109
\cftparanumwidth=\skip110
\cftbeforesubparaskip=\skip111
\cftsubparaindent=\skip112
\cftsubparanumwidth=\skip113
\cftbeforeloftitleskip=\skip114
\cftafterloftitleskip=\skip115
\cftbeforefigskip=\skip116
\cftfigindent=\skip117
\cftfignumwidth=\skip118
\c@lofdepth=\count333
\c@lotdepth=\count334
\cftbeforelottitleskip=\skip119
\cftafterlottitleskip=\skip120
\cftbeforetabskip=\skip121
\cfttabindent=\skip122
\cfttabnumwidth=\skip123

Package tocloft Warning: \@starttoc has already been redefined; tocloft bailing
 out. on input line 1156.

)
(C:\Users\court\OneDrive\Desktop\MiKTeX_updated\tex/latex/bookmark\bookmark.sty
Package: bookmark 2023-12-10 v1.31 PDF bookmarks (HO)

(C:\Users\court\OneDrive\Desktop\MiKTeX_updated\tex/latex/hyperref\hyperref.sty
Package: hyperref 2025-07-12 v7.01o Hypertext links for LaTeX

(C:\Users\court\OneDrive\Desktop\MiKTeX_updated\tex/generic/kvdefinekeys\kvdefi
nekeys.sty
Package: kvdefinekeys 2019-12-19 v1.6 Define keys (HO)
)
(C:\Users\court\OneDrive\Desktop\MiKTeX_updated\tex/generic/pdfescape\pdfescape
.sty
Package: pdfescape 2019/12/09 v1.15 Implements pdfTeX's escape features (HO)

(C:\Users\court\OneDrive\Desktop\MiKTeX_updated\tex/generic/pdftexcmds\pdftexcm
ds.sty
Package: pdftexcmds 2020-06-27 v0.33 Utility functions of pdfTeX for LuaTeX (HO
)

(C:\Users\court\OneDrive\Desktop\MiKTeX_updated\tex/generic/infwarerr\infwarerr
.sty
Package: infwarerr 2019/12/03 v1.5 Providing info/warning/error messages (HO)
)
Package pdftexcmds Info: \pdf@primitive is available.
Package pdftexcmds Info: \pdf@ifprimitive is available.
Package pdftexcmds Info: \pdfdraftmode found.
)) (C:\Users\court\OneDrive\Desktop\MiKTeX_updated\tex/latex/hycolor\hycolor.st
y
Package: hycolor 2020-01-27 v1.10 Color options for hyperref/bookmark (HO)
) (C:\Users\court\OneDrive\Desktop\MiKTeX_updated\tex/latex/hyperref\nameref.st
y
Package: nameref 2025-06-21 v2.57 Cross-referencing by name of section

(C:\Users\court\OneDrive\Desktop\MiKTeX_updated\tex/latex/refcount\refcount.sty
Package: refcount 2019/12/15 v3.6 Data extraction from label references (HO)
)
\c@section@level=\count335
)
(C:\Users\court\OneDrive\Desktop\MiKTeX_updated\tex/generic/stringenc\stringenc
.sty
Package: stringenc 2019/11/29 v1.12 Convert strings between diff. encodings (HO
)
)
\@linkdim=\dimen260
\Hy@linkcounter=\count336
\Hy@pagecounter=\count337
(C:\Users\court\OneDrive\Desktop\MiKTeX_updated\tex/latex/hyperref\pd1enc.def
File: pd1enc.def 2025-07-12 v7.01o Hyperref: PDFDocEncoding definition (HO)
Now handling font encoding PD1 ...
... no UTF-8 mapping file for font encoding PD1
)
(C:\Users\court\OneDrive\Desktop\MiKTeX_updated\tex/generic/intcalc\intcalc.sty
Package: intcalc 2019/12/15 v1.3 Expandable calculations with integers (HO)
)
\Hy@SavedSpaceFactor=\count338
(C:\Users\court\OneDrive\Desktop\MiKTeX_updated\tex/latex/hyperref\puenc.def
File: puenc.def 2025-07-12 v7.01o Hyperref: PDF Unicode definition (HO)
Now handling font encoding PU ...
... no UTF-8 mapping file for font encoding PU
)
Package hyperref Info: Option `unicode' set `true' on input line 4066.
Package hyperref Info: Hyper figures OFF on input line 4195.
Package hyperref Info: Link nesting OFF on input line 4200.
Package hyperref Info: Hyper index ON on input line 4203.
Package hyperref Info: Plain pages OFF on input line 4210.
Package hyperref Info: Backreferencing OFF on input line 4215.
Package hyperref Info: Implicit mode ON; LaTeX internals redefined.
Package hyperref Info: Bookmarks ON on input line 4462.
\c@Hy@tempcnt=\count339
(C:\Users\court\OneDrive\Desktop\MiKTeX_updated\tex/latex/url\url.sty
\Urlmuskip=\muskip18
Package: url 2013/09/16  ver 3.4  Verb mode for urls, etc.
)
LaTeX Info: Redefining \url on input line 4801.
\XeTeXLinkMargin=\dimen261
(C:\Users\court\OneDrive\Desktop\MiKTeX_updated\tex/generic/bitset\bitset.sty
Package: bitset 2019/12/09 v1.3 Handle bit-vector datatype (HO)

(C:\Users\court\OneDrive\Desktop\MiKTeX_updated\tex/generic/bigintcalc\bigintca
lc.sty
Package: bigintcalc 2019/12/15 v1.5 Expandable calculations on big integers (HO
)
))
\Fld@menulength=\count340
\Field@Width=\dimen262
\Fld@charsize=\dimen263
Package hyperref Info: Hyper figures OFF on input line 6078.
Package hyperref Info: Link nesting OFF on input line 6083.
Package hyperref Info: Hyper index ON on input line 6086.
Package hyperref Info: backreferencing OFF on input line 6093.
Package hyperref Info: Link coloring OFF on input line 6098.
Package hyperref Info: Link coloring with OCG OFF on input line 6103.
Package hyperref Info: PDF/A mode OFF on input line 6108.
\Hy@abspage=\count341
\c@Item=\count342
\c@Hfootnote=\count343
)
Package hyperref Info: Driver (autodetected): hpdftex.
(C:\Users\court\OneDrive\Desktop\MiKTeX_updated\tex/latex/hyperref\hpdftex.def
File: hpdftex.def 2025-07-12 v7.01o Hyperref driver for pdfTeX
\Fld@listcount=\count344
\c@bookmark@seq@number=\count345

(C:\Users\court\OneDrive\Desktop\MiKTeX_updated\tex/latex/rerunfilecheck\rerunf
ilecheck.sty
Package: rerunfilecheck 2025-06-21 v1.11 Rerun checks for auxiliary files (HO)

(C:\Users\court\OneDrive\Desktop\MiKTeX_updated\tex/generic/uniquecounter\uniqu
ecounter.sty
Package: uniquecounter 2019/12/15 v1.4 Provide unlimited unique counter (HO)
)
Package uniquecounter Info: New unique counter `rerunfilecheck' on input line 2
84.
)
\Hy@SectionHShift=\skip124
)
(C:\Users\court\OneDrive\Desktop\MiKTeX_updated\tex/latex/bookmark\bkm-pdftex.d
ef
File: bkm-pdftex.def 2023-12-10 v1.31 bookmark driver for pdfTeX and luaTeX (HO
)
\BKM@id=\count346
)) (C:\Users\court\OneDrive\Desktop\MiKTeX_updated\tex/latex/xurl\xurl.sty
Package: xurl 2022/01/09 v 0.10 modify URL breaks
)
Package csquotes Info: Checking for multilingual support...
Package csquotes Info: ... found 'babel' package.
Package csquotes Info: Adjusting default style.
Package csquotes Info: Redefining alias 'default' -> 'english'.
(AFLA_manuscript.aux)
\openout1 = `AFLA_manuscript.aux'.

LaTeX Font Info:    Checking defaults for OML/cmm/m/it on input line 232.
LaTeX Font Info:    ... okay on input line 232.
LaTeX Font Info:    Checking defaults for OMS/cmsy/m/n on input line 232.
LaTeX Font Info:    ... okay on input line 232.
LaTeX Font Info:    Checking defaults for OT1/cmr/m/n on input line 232.
LaTeX Font Info:    ... okay on input line 232.
LaTeX Font Info:    Checking defaults for T1/cmr/m/n on input line 232.
LaTeX Font Info:    ... okay on input line 232.
LaTeX Font Info:    Checking defaults for TS1/cmr/m/n on input line 232.
LaTeX Font Info:    ... okay on input line 232.
LaTeX Font Info:    Checking defaults for OMX/cmex/m/n on input line 232.
LaTeX Font Info:    ... okay on input line 232.
LaTeX Font Info:    Checking defaults for U/cmr/m/n on input line 232.
LaTeX Font Info:    ... okay on input line 232.
LaTeX Font Info:    Checking defaults for PD1/pdf/m/n on input line 232.
LaTeX Font Info:    ... okay on input line 232.
LaTeX Font Info:    Checking defaults for PU/pdf/m/n on input line 232.
LaTeX Font Info:    ... okay on input line 232.
*geometry* driver: auto-detecting
*geometry* detected driver: pdftex
*geometry* verbose mode - [ preamble ] result:
* driver: pdftex
* paper: <default>
* layout: <same size as paper>
* layoutoffset:(h,v)=(0.0pt,0.0pt)
* modes: twoside 
* h-part:(L,W,R)=(72.26999pt, 469.75502pt, 72.26999pt)
* v-part:(T,H,B)=(72.26999pt, 650.43001pt, 72.26999pt)
* \paperwidth=614.295pt
* \paperheight=794.96999pt
* \textwidth=469.75502pt
* \textheight=650.43001pt
* \oddsidemargin=0.0pt
* \evensidemargin=0.0pt
* \topmargin=-37.0pt
* \headheight=15.2pt
* \headsep=25.0pt
* \topskip=12.0pt
* \footskip=30.0pt
* \marginparwidth=95.0pt
* \marginparsep=10.0pt
* \columnsep=10.0pt
* \skip\footins=10.8pt plus 4.0pt minus 2.0pt
* \hoffset=0.0pt
* \voffset=0.0pt
* \mag=1000
* \@twocolumnfalse
* \@twosidetrue
* \@mparswitchtrue
* \@reversemarginfalse
* (1in=72.27pt=25.4mm, 1cm=28.453pt)


(C:\Users\court\OneDrive\Desktop\MiKTeX_updated\tex/context/base/mkii\supp-pdf.
mkii
[Loading MPS to PDF converter (version 2006.09.02).]
\scratchcounter=\count347
\scratchdimen=\dimen264
\scratchbox=\box69
\nofMPsegments=\count348
\nofMParguments=\count349
\everyMPshowfont=\toks35
\MPscratchCnt=\count350
\MPscratchDim=\dimen265
\MPnumerator=\count351
\makeMPintoPDFobject=\count352
\everyMPtoPDFconversion=\toks36
)
(C:\Users\court\OneDrive\Desktop\MiKTeX_updated\tex/latex/epstopdf-pkg\epstopdf
-base.sty
Package: epstopdf-base 2020-01-24 v2.11 Base part for package epstopdf
Package epstopdf-base Info: Redefining graphics rule for `.eps' on input line 4
85.

(C:\Users\court\OneDrive\Desktop\MiKTeX_updated\tex/latex/00miktex\epstopdf-sys
.cfg
File: epstopdf-sys.cfg 2021/03/18 v2.0 Configuration of epstopdf for MiKTeX
))
(C:\Users\court\OneDrive\Desktop\MiKTeX_updated\tex/latex/apa6/config\APAameric
an.txt
File: APAamerican.txt 2012/02/23 v1.25 apa6 configuration for American English
)
Package caption Info: Begin \AtBeginDocument code.
Package caption Info: float package is loaded.
Package caption Info: hyperref package is loaded.
Package caption Info: longtable package is loaded.

(C:\Users\court\OneDrive\Desktop\MiKTeX_updated\tex/latex/caption\ltcaption.sty
Package: ltcaption 2021/01/08 v1.4c longtable captions (AR)
)
Package caption Info: End \AtBeginDocument code.
LaTeX Info: Redefining \microtypecontext on input line 232.
Package microtype Info: Applying patch `item' on input line 232.
Package microtype Info: Applying patch `toc' on input line 232.
Package microtype Info: Applying patch `eqnum' on input line 232.
Package microtype Info: Applying patch `footnote' on input line 232.
Package microtype Info: Applying patch `verbatim' on input line 232.
LaTeX Info: Redefining \microtypesetup on input line 232.
Package microtype Info: Generating PDF output.
Package microtype Info: Character protrusion enabled (level 2).
Package microtype Info: Using protrusion set `basicmath'.
Package microtype Info: Automatic font expansion enabled (level 2),
(microtype)             stretch: 20, shrink: 20, step: 1, non-selected.
Package microtype Info: Using default expansion set `alltext-nott'.
Package microtype Info: Patching command `\showhyphens'.
Package microtype Info: No adjustment of tracking.
Package microtype Info: No adjustment of interword spacing.
Package microtype Info: No adjustment of character kerning.
(C:\Users\court\OneDrive\Desktop\MiKTeX_updated\tex/latex/microtype\mt-cmr.cfg
File: mt-cmr.cfg 2013/05/19 v2.2 microtype config. file: Computer Modern Roman 
(RS)
)
Package hyperref Info: Link coloring OFF on input line 232.

Class apa6 Warning: Abstract not defined.

LaTeX Font Info:    Trying to load font information for OT1+lmr on input line 2
34.
(C:\Users\court\OneDrive\Desktop\MiKTeX_updated\tex/latex/lm\ot1lmr.fd
File: ot1lmr.fd 2015/05/01 v1.6.1 Font defs for Latin Modern
)
LaTeX Font Info:    Trying to load font information for OML+lmm on input line 2
34.
(C:\Users\court\OneDrive\Desktop\MiKTeX_updated\tex/latex/lm\omllmm.fd
File: omllmm.fd 2015/05/01 v1.6.1 Font defs for Latin Modern
)
LaTeX Font Info:    Trying to load font information for OMS+lmsy on input line 
234.
(C:\Users\court\OneDrive\Desktop\MiKTeX_updated\tex/latex/lm\omslmsy.fd
File: omslmsy.fd 2015/05/01 v1.6.1 Font defs for Latin Modern
)
LaTeX Font Info:    Trying to load font information for OMX+lmex on input line 
234.
(C:\Users\court\OneDrive\Desktop\MiKTeX_updated\tex/latex/lm\omxlmex.fd
File: omxlmex.fd 2015/05/01 v1.6.1 Font defs for Latin Modern
)
LaTeX Font Info:    External font `lmex10' loaded for size
(Font)              <12> on input line 234.
LaTeX Font Info:    External font `lmex10' loaded for size
(Font)              <8> on input line 234.
LaTeX Font Info:    External font `lmex10' loaded for size
(Font)              <6> on input line 234.
LaTeX Font Info:    Trying to load font information for U+msa on input line 234
.
(C:\Users\court\OneDrive\Desktop\MiKTeX_updated\tex/latex/amsfonts\umsa.fd
File: umsa.fd 2013/01/14 v3.01 AMS symbols A
) (C:\Users\court\OneDrive\Desktop\MiKTeX_updated\tex/latex/microtype\mt-msa.cf
g
File: mt-msa.cfg 2006/02/04 v1.1 microtype config. file: AMS symbols (a) (RS)
)
LaTeX Font Info:    Trying to load font information for U+msb on input line 234
.
(C:\Users\court\OneDrive\Desktop\MiKTeX_updated\tex/latex/amsfonts\umsb.fd
File: umsb.fd 2013/01/14 v3.01 AMS symbols B
) (C:\Users\court\OneDrive\Desktop\MiKTeX_updated\tex/latex/microtype\mt-msb.cf
g
File: mt-msb.cfg 2005/06/01 v1.0 microtype config. file: AMS symbols (b) (RS)
) (C:\Users\court\OneDrive\Desktop\MiKTeX_updated\tex/latex/microtype\mt-eur.cf
g
File: mt-eur.cfg 2006/07/31 v1.1 microtype config. file: AMS Euler Roman (RS)
) [1{C:/Users/court/AppData/Local/MiKTeX/fonts/map/pdftex/pdftex.map}{C:/Users/
court/OneDrive/Desktop/MiKTeX_updated/fonts/enc/dvips/lm/lm-ec.enc}

]
<./figs/cook-islands-map.png, id=10, 830.6232pt x 908.193pt>
File: ./figs/cook-islands-map.png Graphic file (type png)
<use ./figs/cook-islands-map.png>
Package pdftex.def Info: ./figs/cook-islands-map.png  used on input line 251.
(pdftex.def)             Requested size: 234.8775pt x 256.81444pt.
[2]
Underfull \vbox (badness 1609) has occurred while \output is active []

[3 <./figs/cook-islands-map.png (PNG copy)>]
<./figs/raw_data.png, id=28, 438.8897pt x 215.30438pt>
File: ./figs/raw_data.png Graphic file (type png)
<use ./figs/raw_data.png>
Package pdftex.def Info: ./figs/raw_data.png  used on input line 278.
(pdftex.def)             Requested size: 281.85587pt x 138.27069pt.
[4 <./figs/raw_data.png>] [5]
<AFLA_manuscript_files/figure-latex/print-duration-plot-1.pdf, id=43, 469.755pt
 x 325.215pt>
File: AFLA_manuscript_files/figure-latex/print-duration-plot-1.pdf Graphic file
 (type pdf)
<use AFLA_manuscript_files/figure-latex/print-duration-plot-1.pdf>
Package pdftex.def Info: AFLA_manuscript_files/figure-latex/print-duration-plot
-1.pdf  used on input line 329.
(pdftex.def)             Requested size: 234.8775pt x 162.6071pt.
[6 <./AFLA_manuscript_files/figure-latex/print-duration-plot-1.pdf>]
LaTeX Font Info:    Trying to load font information for T1+lmtt on input line 3
41.
(C:\Users\court\OneDrive\Desktop\MiKTeX_updated\tex/latex/lm\t1lmtt.fd
File: t1lmtt.fd 2015/05/01 v1.6.1 Font defs for Latin Modern
)
LaTeX Font Info:    Font shape `T1/lmtt/bx/n' in size <12> not available
(Font)              Font shape `T1/lmtt/b/n' tried instead on input line 342.
<AFLA_manuscript_files/figure-latex/print-intensity-plot-1.pdf, id=54, 469.755p
t x 325.215pt>
File: AFLA_manuscript_files/figure-latex/print-intensity-plot-1.pdf Graphic fil
e (type pdf)
<use AFLA_manuscript_files/figure-latex/print-intensity-plot-1.pdf>
Package pdftex.def Info: AFLA_manuscript_files/figure-latex/print-intensity-plo
t-1.pdf  used on input line 374.
(pdftex.def)             Requested size: 352.31625pt x 243.91064pt.
[7] [8 <./AFLA_manuscript_files/figure-latex/print-intensity-plot-1.pdf>]
<AFLA_manuscript_files/figure-latex/print-f0-plot-1.pdf, id=74, 469.755pt x 325
.215pt>
File: AFLA_manuscript_files/figure-latex/print-f0-plot-1.pdf Graphic file (type
 pdf)
<use AFLA_manuscript_files/figure-latex/print-f0-plot-1.pdf>
Package pdftex.def Info: AFLA_manuscript_files/figure-latex/print-f0-plot-1.pdf
  used on input line 425.
(pdftex.def)             Requested size: 422.77664pt x 292.6908pt.
[9]
<AFLA_manuscript_files/figure-latex/print-f2-plot-1.pdf, id=80, 469.755pt x 325
.215pt>
File: AFLA_manuscript_files/figure-latex/print-f2-plot-1.pdf Graphic file (type
 pdf)
<use AFLA_manuscript_files/figure-latex/print-f2-plot-1.pdf>
Package pdftex.def Info: AFLA_manuscript_files/figure-latex/print-f2-plot-1.pdf
  used on input line 470.
(pdftex.def)             Requested size: 352.31625pt x 243.91064pt.
[10 <./AFLA_manuscript_files/figure-latex/print-f0-plot-1.pdf>] [11 <./AFLA_man
uscript_files/figure-latex/print-f2-plot-1.pdf>]
LaTeX Font Info:    Trying to load font information for TS1+lmtt on input line 
532.
(C:\Users\court\OneDrive\Desktop\MiKTeX_updated\tex/latex/lm\ts1lmtt.fd
File: ts1lmtt.fd 2015/05/01 v1.6.1 Font defs for Latin Modern
)
Underfull \vbox (badness 4954) has occurred while \output is active []

[12{C:/Users/court/OneDrive/Desktop/MiKTeX_updated/fonts/enc/dvips/lm/lm-ts1.en
c}] [13] [14] [15]
LaTeX Font Info:    Trying to load font information for TS1+lmr on input line 6
43.
(C:\Users\court\OneDrive\Desktop\MiKTeX_updated\tex/latex/lm\ts1lmr.fd
File: ts1lmr.fd 2015/05/01 v1.6.1 Font defs for Latin Modern
) [16]
Overfull \hbox (61.64592pt too wide) in paragraph at lines 654--667
[][]  
 []


Overfull \hbox (88.96214pt too wide) in paragraph at lines 670--683
[][]  
 []


Overfull \hbox (54.29938pt too wide) in paragraph at lines 686--699
[][]  
 []


Overfull \hbox (54.29938pt too wide) in paragraph at lines 702--715
[][]  
 []


Underfull \vbox (badness 10000) has occurred while \output is active []

[17] [18]
Overfull \hbox (46.06245pt too wide) in paragraph at lines 767--776
[][]  
 []

[19] [20] [21] AED endfloat: Processing end Figures and Tables (AFLA_manuscript
.aux)
 ***********
LaTeX2e <2025-11-01>
L3 programming layer <2020/03/25>
 ***********
 ) 
Here is how much of TeX's memory you used:
 19319 strings out of 467871
 319436 string characters out of 5417413
 790065 words of memory out of 5000000
 47746 multiletter control sequences out of 15000+600000
 674663 words of font info for 120 fonts, out of 8000000 for 9000
 1141 hyphenation exceptions out of 8191
 83i,13n,93p,2256b,800s stack positions out of 10000i,1000n,20000p,200000b,200000s
<C:/Users/court/OneDrive/Desktop/MiKTeX_updated/fonts/type1/public/lm/lmbx12.
pfb><C:/Users/court/OneDrive/Desktop/MiKTeX_updated/fonts/type1/public/lm/lmbxi
10.pfb><C:/Users/court/OneDrive/Desktop/MiKTeX_updated/fonts/type1/public/lm/lm
r12.pfb><C:/Users/court/OneDrive/Desktop/MiKTeX_updated/fonts/type1/public/lm/l
mr8.pfb><C:/Users/court/OneDrive/Desktop/MiKTeX_updated/fonts/type1/public/lm/l
mri12.pfb><C:/Users/court/OneDrive/Desktop/MiKTeX_updated/fonts/type1/public/lm
/lmtk10.pfb><C:/Users/court/OneDrive/Desktop/MiKTeX_updated/fonts/type1/public/
lm/lmtt12.pfb>
Output written on AFLA_manuscript.pdf (21 pages, 1298326 bytes).
PDF statistics:
 238 PDF objects out of 1000 (max. 8388607)
 42 named destinations out of 1000 (max. 500000)
 24703 words of extra memory for PDF output out of 24883 (max. 10000000)

